<?xml version="1.0" encoding="utf-8"?>
<TestRun id="386bb3c8-03c6-4c96-8bec-102af0adb032" name="josel@LLANOSJL70 2025-09-25 19:52:44" runUser="LLANOSJL70\josel" xmlns="http://microsoft.com/schemas/VisualStudio/TeamTest/2010">
  <Times creation="2025-09-25T19:52:44.0565898-04:00" queuing="2025-09-25T19:52:44.0565904-04:00" start="2025-09-25T19:52:43.0366080-04:00" finish="2025-09-25T19:52:44.1033231-04:00" />
  <TestSettings name="default" id="cafb620c-9b35-4899-9d1d-70dfe00df845">
    <Deployment runDeploymentRoot="josel_LLANOSJL70_2025-09-25_19_52_44" />
  </TestSettings>
  <Results>
    <UnitTestResult executionId="ee87f22e-a8fb-4aab-bd07-793737adb64d" testId="8bddd13d-6892-ae1d-d88e-996aa2e1a635" testName="LubricantesAyrthonAPI.Tests.Services.CustomerServiceTests.GetAllAsync_ShouldReturnAllCustomers_FromStub" computerName="LLANOSJL70" duration="00:00:00.0020364" startTime="2025-09-25T19:52:44.0290319-04:00" endTime="2025-09-25T19:52:44.0290320-04:00" testType="13cdc9d9-ddb5-4fa4-a97d-d965ccfc6d4b" outcome="Passed" testListId="8c84fa94-04c1-424b-9868-57a2d4851a1d" relativeResultsDirectory="ee87f22e-a8fb-4aab-bd07-793737adb64d" />
    <UnitTestResult executionId="755c15ab-c614-4764-9beb-56d8002e291a" testId="b29edcb2-9e8b-ee92-8f06-6dd9a9626ef1" testName="LubricantesAyrthonAPI.Tests.Dtos.CustomerDtoTests.CustomerCreateDto_NameIsRequired_ValidationFails" computerName="LLANOSJL70" duration="00:00:00.0222071" startTime="2025-09-25T19:52:43.9176730-04:00" endTime="2025-09-25T19:52:43.9176732-04:00" testType="13cdc9d9-ddb5-4fa4-a97d-d965ccfc6d4b" outcome="Passed" testListId="8c84fa94-04c1-424b-9868-57a2d4851a1d" relativeResultsDirectory="755c15ab-c614-4764-9beb-56d8002e291a" />
    <UnitTestResult executionId="8f196698-2320-431f-a2a2-71492cc57861" testId="cac0dbac-f636-65cc-b328-12118a13f6c7" testName="LubricantesAyrthonAPI.Tests.Services.SaleServiceTests.UpdateAsync_ShouldUpdateSale_WhenSaleExists" computerName="LLANOSJL70" duration="00:00:00.0128269" startTime="2025-09-25T19:52:44.0300511-04:00" endTime="2025-09-25T19:52:44.0300511-04:00" testType="13cdc9d9-ddb5-4fa4-a97d-d965ccfc6d4b" outcome="Passed" testListId="8c84fa94-04c1-424b-9868-57a2d4851a1d" relativeResultsDirectory="8f196698-2320-431f-a2a2-71492cc57861" />
    <UnitTestResult executionId="3f45b583-8f0c-43ca-9a5f-3f725a61efb0" testId="87c1f46c-e75a-5723-a7d8-bfa8909d4f3d" testName="LubricantesAyrthonAPI.Tests.Services.SaleServiceTests.GetAllAsync_RepositoryReturnsNull_ReturnsEmptyList" computerName="LLANOSJL70" duration="00:00:00.0022068" startTime="2025-09-25T19:52:44.0256418-04:00" endTime="2025-09-25T19:52:44.0256418-04:00" testType="13cdc9d9-ddb5-4fa4-a97d-d965ccfc6d4b" outcome="Passed" testListId="8c84fa94-04c1-424b-9868-57a2d4851a1d" relativeResultsDirectory="3f45b583-8f0c-43ca-9a5f-3f725a61efb0" />
    <UnitTestResult executionId="68971f7d-62ab-4521-92f4-c247f09e65ae" testId="4276465b-5528-cbb5-2948-a45a42ff97f4" testName="LubricantesAyrthonAPI.Tests.Services.CustomerServiceTests.GetCustomerById_ExistingId_ReturnsCustomer" computerName="LLANOSJL70" duration="00:00:00.0005504" startTime="2025-09-25T19:52:44.0291497-04:00" endTime="2025-09-25T19:52:44.0291498-04:00" testType="13cdc9d9-ddb5-4fa4-a97d-d965ccfc6d4b" outcome="Passed" testListId="8c84fa94-04c1-424b-9868-57a2d4851a1d" relativeResultsDirectory="68971f7d-62ab-4521-92f4-c247f09e65ae" />
    <UnitTestResult executionId="9e469f2f-2cc0-485b-95af-a545478252ac" testId="dc732ecc-fe25-a6c1-8a63-fc5bb6338585" testName="LubricantesAyrthonAPI.Tests.TestDoubles.Stubs.SellerServiceTests.CreateSeller_WithValidData_Success" computerName="LLANOSJL70" duration="00:00:00.0008722" startTime="2025-09-25T19:52:44.0297349-04:00" endTime="2025-09-25T19:52:44.0297349-04:00" testType="13cdc9d9-ddb5-4fa4-a97d-d965ccfc6d4b" outcome="Passed" testListId="8c84fa94-04c1-424b-9868-57a2d4851a1d" relativeResultsDirectory="9e469f2f-2cc0-485b-95af-a545478252ac" />
    <UnitTestResult executionId="dbe0b3fb-26b6-4131-8bbf-c9679d6fca48" testId="b924ceb9-97a2-37f1-8060-bcd7105c8b08" testName="LubricantesAyrthonAPI.Tests.TestDoubles.Stubs.SellerServiceTests.CreateAsync_RepositorioFalla_RetornaNull" computerName="LLANOSJL70" duration="00:00:00.0041100" startTime="2025-09-25T19:52:44.0295925-04:00" endTime="2025-09-25T19:52:44.0295926-04:00" testType="13cdc9d9-ddb5-4fa4-a97d-d965ccfc6d4b" outcome="Passed" testListId="8c84fa94-04c1-424b-9868-57a2d4851a1d" relativeResultsDirectory="dbe0b3fb-26b6-4131-8bbf-c9679d6fca48" />
    <UnitTestResult executionId="f4925dc3-2285-4da0-96aa-4acad4d288df" testId="8eb27e5f-8ecd-332f-dbbc-c4a0e3fb4847" testName="LubricantesAyrthonAPI.Tests.Services.ProductServiceTests.UpdateAsync_ShouldReturnUpdatedProduct_WhenProductExists" computerName="LLANOSJL70" duration="00:00:00.0011397" startTime="2025-09-25T19:52:44.0348736-04:00" endTime="2025-09-25T19:52:44.0348736-04:00" testType="13cdc9d9-ddb5-4fa4-a97d-d965ccfc6d4b" outcome="Passed" testListId="8c84fa94-04c1-424b-9868-57a2d4851a1d" relativeResultsDirectory="f4925dc3-2285-4da0-96aa-4acad4d288df" />
    <UnitTestResult executionId="89303a48-3002-4322-9713-3477c4091cbc" testId="07c0a179-a654-60e6-dd13-bb7a227ec791" testName="LubricantesAyrthonAPI.Tests.TestDoubles.Stubs.SellerServiceTests.DeleteAsync_VendedorExistente_RetornaTrue" computerName="LLANOSJL70" duration="00:00:00.0010627" startTime="2025-09-25T19:52:44.0295347-04:00" endTime="2025-09-25T19:52:44.0295347-04:00" testType="13cdc9d9-ddb5-4fa4-a97d-d965ccfc6d4b" outcome="Passed" testListId="8c84fa94-04c1-424b-9868-57a2d4851a1d" relativeResultsDirectory="89303a48-3002-4322-9713-3477c4091cbc" />
    <UnitTestResult executionId="6176c9b8-830c-485b-b4d5-9e62f546ac38" testId="bf82794c-b48c-3b1e-0a9d-524a4671a485" testName="LubricantesAyrthonAPI.Tests.TestDoubles.Stubs.SellerServiceTests.UpdateAsync_RepositoryUpdateFails_ReturnsNull" computerName="LLANOSJL70" duration="00:00:00.0023184" startTime="2025-09-25T19:52:44.0300796-04:00" endTime="2025-09-25T19:52:44.0300796-04:00" testType="13cdc9d9-ddb5-4fa4-a97d-d965ccfc6d4b" outcome="Passed" testListId="8c84fa94-04c1-424b-9868-57a2d4851a1d" relativeResultsDirectory="6176c9b8-830c-485b-b4d5-9e62f546ac38" />
    <UnitTestResult executionId="95c2a13a-5e38-49c5-8952-e511bbfcc8c3" testId="8d939349-da7e-e3a2-3b6e-f73ef21deaa1" testName="LubricantesAyrthonAPI.Tests.TestDoubles.Stubs.SellerServiceTests.UpdateAsync_ExistingSeller_ReturnsUpdatedSeller" computerName="LLANOSJL70" duration="00:00:00.0036408" startTime="2025-09-25T19:52:44.0290948-04:00" endTime="2025-09-25T19:52:44.0290948-04:00" testType="13cdc9d9-ddb5-4fa4-a97d-d965ccfc6d4b" outcome="Passed" testListId="8c84fa94-04c1-424b-9868-57a2d4851a1d" relativeResultsDirectory="95c2a13a-5e38-49c5-8952-e511bbfcc8c3" />
    <UnitTestResult executionId="f1d90a8d-5771-4696-837e-422190c7c025" testId="6dc62724-55df-c7e7-e975-b0770989c778" testName="LubricantesAyrthonAPI.Tests.Services.SaleServiceTests.TC_015_CreateSale_AddAsyncReturnsNull_ReturnsNull" computerName="LLANOSJL70" duration="00:00:00.0036475" startTime="2025-09-25T19:52:44.0286100-04:00" endTime="2025-09-25T19:52:44.0286100-04:00" testType="13cdc9d9-ddb5-4fa4-a97d-d965ccfc6d4b" outcome="Passed" testListId="8c84fa94-04c1-424b-9868-57a2d4851a1d" relativeResultsDirectory="f1d90a8d-5771-4696-837e-422190c7c025" />
    <UnitTestResult executionId="5cad6703-3344-4d66-a4cc-70b3e4a44ab7" testId="8f5c3b0c-555d-d612-f238-df81fc1d5dbf" testName="LubricantesAyrthonAPI.Tests.Services.CustomerServiceTests.RegisterCustomer_ValidData_ReturnsSuccess" computerName="LLANOSJL70" duration="00:00:00.0025180" startTime="2025-09-25T19:52:44.0256122-04:00" endTime="2025-09-25T19:52:44.0256122-04:00" testType="13cdc9d9-ddb5-4fa4-a97d-d965ccfc6d4b" outcome="Passed" testListId="8c84fa94-04c1-424b-9868-57a2d4851a1d" relativeResultsDirectory="5cad6703-3344-4d66-a4cc-70b3e4a44ab7" />
    <UnitTestResult executionId="e44f02dd-1a16-4707-9c06-dac2e67b78b7" testId="6353f96c-29cc-52a7-ca5c-04c4233f561a" testName="LubricantesAyrthonAPI.Tests.Services.ProductServiceTests.CreateAsync_ShouldCreateProduct_WhenDataIsValid" computerName="LLANOSJL70" duration="00:00:00.0907176" startTime="2025-09-25T19:52:44.0252629-04:00" endTime="2025-09-25T19:52:44.0252632-04:00" testType="13cdc9d9-ddb5-4fa4-a97d-d965ccfc6d4b" outcome="Passed" testListId="8c84fa94-04c1-424b-9868-57a2d4851a1d" relativeResultsDirectory="e44f02dd-1a16-4707-9c06-dac2e67b78b7" />
    <UnitTestResult executionId="490980ee-5a56-4c6e-ae25-32bba6a327ec" testId="d6e2084f-ec1a-94cb-51ef-8758ea1ad2a8" testName="LubricantesAyrthonAPI.Tests.Services.ProductServiceTests.GetByIdAsync_ReturnsNull_WhenProductDoesNotExist" computerName="LLANOSJL70" duration="00:00:00.0005306" startTime="2025-09-25T19:52:44.0349584-04:00" endTime="2025-09-25T19:52:44.0349584-04:00" testType="13cdc9d9-ddb5-4fa4-a97d-d965ccfc6d4b" outcome="Passed" testListId="8c84fa94-04c1-424b-9868-57a2d4851a1d" relativeResultsDirectory="490980ee-5a56-4c6e-ae25-32bba6a327ec" />
    <UnitTestResult executionId="4ee1112d-760c-48a1-9263-65da69418881" testId="a0f771d4-8751-171b-08de-6e2dacc35e3d" testName="LubricantesAyrthonAPI.Tests.Services.CustomerServiceTests.DeleteAsync_ClienteExistente_RetornaTrue" computerName="LLANOSJL70" duration="00:00:00.0008080" startTime="2025-09-25T19:52:44.0290614-04:00" endTime="2025-09-25T19:52:44.0290614-04:00" testType="13cdc9d9-ddb5-4fa4-a97d-d965ccfc6d4b" outcome="Passed" testListId="8c84fa94-04c1-424b-9868-57a2d4851a1d" relativeResultsDirectory="4ee1112d-760c-48a1-9263-65da69418881" />
    <UnitTestResult executionId="fc3d453e-3290-42d7-b4d8-1935a61f7098" testId="ed1ddd1c-2de2-6e87-ef68-eb1c18dfee89" testName="LubricantesAyrthonAPI.Tests.Services.CustomerServiceTests.UpdateAsync_ClienteExistente_RetornaClienteActualizado" computerName="LLANOSJL70" duration="00:00:00.0006631" startTime="2025-09-25T19:52:44.0292021-04:00" endTime="2025-09-25T19:52:44.0292021-04:00" testType="13cdc9d9-ddb5-4fa4-a97d-d965ccfc6d4b" outcome="Passed" testListId="8c84fa94-04c1-424b-9868-57a2d4851a1d" relativeResultsDirectory="fc3d453e-3290-42d7-b4d8-1935a61f7098" />
    <UnitTestResult executionId="5055ff70-d336-44df-bdcf-798599627749" testId="cbd6210a-be76-3f31-fa99-1048c6b2dad8" testName="LubricantesAyrthonAPI.Tests.Services.SaleServiceTests.CreateSale_WithValidData_Success" computerName="LLANOSJL70" duration="00:00:00.0021336" startTime="2025-09-25T19:52:44.0291231-04:00" endTime="2025-09-25T19:52:44.0291232-04:00" testType="13cdc9d9-ddb5-4fa4-a97d-d965ccfc6d4b" outcome="Passed" testListId="8c84fa94-04c1-424b-9868-57a2d4851a1d" relativeResultsDirectory="5055ff70-d336-44df-bdcf-798599627749" />
    <UnitTestResult executionId="18125461-ff2f-46c7-b634-c9a17c573615" testId="69ba525b-ac63-3868-650f-21c1015163dd" testName="LubricantesAyrthonAPI.Tests.TestDoubles.Stubs.SellerServiceTests.UpdateAsync_NonExistentSeller_ReturnsNull" computerName="LLANOSJL70" duration="00:00:00.0112465" startTime="2025-09-25T19:52:44.0300206-04:00" endTime="2025-09-25T19:52:44.0300206-04:00" testType="13cdc9d9-ddb5-4fa4-a97d-d965ccfc6d4b" outcome="Passed" testListId="8c84fa94-04c1-424b-9868-57a2d4851a1d" relativeResultsDirectory="18125461-ff2f-46c7-b634-c9a17c573615" />
    <UnitTestResult executionId="71f91c79-2fb1-441b-ab3b-756b9b1344be" testId="dbf088c6-ed36-3a20-32d6-d66a4e3ded33" testName="LubricantesAyrthonAPI.Tests.Services.ProductServiceTests.UpdateAsync_ReturnsNull_WhenProductDoesNotExist" computerName="LLANOSJL70" duration="00:00:00.0017937" startTime="2025-09-25T19:52:44.0282725-04:00" endTime="2025-09-25T19:52:44.0282725-04:00" testType="13cdc9d9-ddb5-4fa4-a97d-d965ccfc6d4b" outcome="Passed" testListId="8c84fa94-04c1-424b-9868-57a2d4851a1d" relativeResultsDirectory="71f91c79-2fb1-441b-ab3b-756b9b1344be" />
    <UnitTestResult executionId="702994cd-7269-4dc2-aea4-908550e8518b" testId="9c1ad53b-4548-0944-cedd-6a45ec03baca" testName="LubricantesAyrthonAPI.Tests.Services.ProductServiceTests.CreateProduct_RepositoryReturnsNull_ReturnsNull" computerName="LLANOSJL70" duration="00:00:00.0022125" startTime="2025-09-25T19:52:44.0340233-04:00" endTime="2025-09-25T19:52:44.0340240-04:00" testType="13cdc9d9-ddb5-4fa4-a97d-d965ccfc6d4b" outcome="Failed" testListId="8c84fa94-04c1-424b-9868-57a2d4851a1d" relativeResultsDirectory="702994cd-7269-4dc2-aea4-908550e8518b">
      <Output>
        <ErrorInfo>
          <Message>System.NullReferenceException : Object reference not set to an instance of an object.</Message>
          <StackTrace>   at LubricantesAyrthonAPI.Services.Implementations.ProductService.CreateAsync(ProductCreateDto product) in C:\Diplomado\Proyecto\LubricantesAyrthon\LubricantesAyrthonAPI\Services\Implementations\Product\ProductService.cs:line 60&#xD;
   at LubricantesAyrthonAPI.Tests.Services.ProductServiceTests.CreateProduct_RepositoryReturnsNull_ReturnsNull() in C:\Diplomado\Proyecto\LubricantesAyrthon\LubricantesAyrthonAPI.Tests\Services\ProductServiceTests.cs:line 342&#xD;
--- End of stack trace from previous location ---</StackTrace>
        </ErrorInfo>
      </Output>
    </UnitTestResult>
    <UnitTestResult executionId="c4c0bf83-5868-4eed-8d4c-423f6aeb45b7" testId="2a3d838b-ac70-5a61-d621-af84809b73c7" testName="LubricantesAyrthonAPI.Tests.Services.ProductServiceTests.DeleteAsync_ShouldCallRepositoryDelete_WhenProductExists" computerName="LLANOSJL70" duration="00:00:00.0012749" startTime="2025-09-25T19:52:44.0349057-04:00" endTime="2025-09-25T19:52:44.0349058-04:00" testType="13cdc9d9-ddb5-4fa4-a97d-d965ccfc6d4b" outcome="Passed" testListId="8c84fa94-04c1-424b-9868-57a2d4851a1d" relativeResultsDirectory="c4c0bf83-5868-4eed-8d4c-423f6aeb45b7" />
    <UnitTestResult executionId="c83916d4-0afd-48cb-b306-d97ab3705327" testId="489487c8-7ed8-047d-5694-76893e84bbf9" testName="LubricantesAyrthonAPI.Tests.Controllers.CustomerControllerTests.RegisterCustomer_MissingRequiredData_ReturnsBadRequest" computerName="LLANOSJL70" duration="00:00:00.0894649" startTime="2025-09-25T19:52:43.9802166-04:00" endTime="2025-09-25T19:52:43.9802170-04:00" testType="13cdc9d9-ddb5-4fa4-a97d-d965ccfc6d4b" outcome="Passed" testListId="8c84fa94-04c1-424b-9868-57a2d4851a1d" relativeResultsDirectory="c83916d4-0afd-48cb-b306-d97ab3705327" />
    <UnitTestResult executionId="0696a5ae-27d2-4bb5-9255-dbcdcf7b1599" testId="8ef7d033-dbd5-b4d5-3cef-c11833e9ad4a" testName="LubricantesAyrthonAPI.Tests.Services.SaleServiceTests.GetByIdAsync_ShouldReturnNull_WhenSaleDoesNotExist" computerName="LLANOSJL70" duration="00:00:00.0016057" startTime="2025-09-25T19:52:44.0297086-04:00" endTime="2025-09-25T19:52:44.0297087-04:00" testType="13cdc9d9-ddb5-4fa4-a97d-d965ccfc6d4b" outcome="Passed" testListId="8c84fa94-04c1-424b-9868-57a2d4851a1d" relativeResultsDirectory="0696a5ae-27d2-4bb5-9255-dbcdcf7b1599" />
    <UnitTestResult executionId="3dbc3889-5c5a-456e-9f36-f24e78fe9af8" testId="4cd537ee-e372-508f-aec1-f8b78d2430e6" testName="LubricantesAyrthonAPI.Tests.Services.SaleServiceTests.CalculateTotalPrice_WithValidDetails_ReturnsCorrectSum" computerName="LLANOSJL70" duration="00:00:00.0002707" startTime="2025-09-25T19:52:44.0296492-04:00" endTime="2025-09-25T19:52:44.0296493-04:00" testType="13cdc9d9-ddb5-4fa4-a97d-d965ccfc6d4b" outcome="Passed" testListId="8c84fa94-04c1-424b-9868-57a2d4851a1d" relativeResultsDirectory="3dbc3889-5c5a-456e-9f36-f24e78fe9af8" />
    <UnitTestResult executionId="37ba0c48-e01e-4e39-bda0-41e3c0bbf286" testId="66c3bbd0-65a7-78fc-06b0-1f417b9bf440" testName="LubricantesAyrthonAPI.Tests.Services.SaleServiceTests.DeleteSale_WithStub_RemovesSale" computerName="LLANOSJL70" duration="00:00:00.0035671" startTime="2025-09-25T19:52:44.0296204-04:00" endTime="2025-09-25T19:52:44.0296205-04:00" testType="13cdc9d9-ddb5-4fa4-a97d-d965ccfc6d4b" outcome="Passed" testListId="8c84fa94-04c1-424b-9868-57a2d4851a1d" relativeResultsDirectory="37ba0c48-e01e-4e39-bda0-41e3c0bbf286" />
    <UnitTestResult executionId="d9a9e17f-e4ba-4c75-b7d6-73e3e6fe2c8d" testId="e7b0dd83-801f-43dc-fbb5-dab43da48ab8" testName="LubricantesAyrthonAPI.Tests.Services.CustomerServiceTests.UpdateAsync_ErrorEnRepositorio_RetornaNull" computerName="LLANOSJL70" duration="00:00:00.0012797" startTime="2025-09-25T19:52:44.0285464-04:00" endTime="2025-09-25T19:52:44.0285464-04:00" testType="13cdc9d9-ddb5-4fa4-a97d-d965ccfc6d4b" outcome="Passed" testListId="8c84fa94-04c1-424b-9868-57a2d4851a1d" relativeResultsDirectory="d9a9e17f-e4ba-4c75-b7d6-73e3e6fe2c8d" />
    <UnitTestResult executionId="5b8a2edf-cde6-4823-8212-9d2440bb6cce" testId="84570ab4-49a3-050d-d0e9-bbc28f3c2c53" testName="LubricantesAyrthonAPI.Tests.Services.SaleServiceTests.TC_013_GetAllSales_WithStub_ReturnsAllSales" computerName="LLANOSJL70" duration="00:00:00.0012745" startTime="2025-09-25T19:52:44.0301798-04:00" endTime="2025-09-25T19:52:44.0301799-04:00" testType="13cdc9d9-ddb5-4fa4-a97d-d965ccfc6d4b" outcome="Passed" testListId="8c84fa94-04c1-424b-9868-57a2d4851a1d" relativeResultsDirectory="5b8a2edf-cde6-4823-8212-9d2440bb6cce" />
    <UnitTestResult executionId="47314648-0ab0-4784-8c78-75bfec5ba5e1" testId="7d38e140-40f0-0fda-a53d-90c6d6f2b09d" testName="LubricantesAyrthonAPI.Tests.TestDoubles.Stubs.SellerServiceTests.GetByIdAsync_IdExistente_RetornaVendedor" computerName="LLANOSJL70" duration="00:00:00.0008070" startTime="2025-09-25T19:52:44.0291765-04:00" endTime="2025-09-25T19:52:44.0291766-04:00" testType="13cdc9d9-ddb5-4fa4-a97d-d965ccfc6d4b" outcome="Passed" testListId="8c84fa94-04c1-424b-9868-57a2d4851a1d" relativeResultsDirectory="47314648-0ab0-4784-8c78-75bfec5ba5e1" />
    <UnitTestResult executionId="3e76be34-97af-408e-b373-141dde665c0e" testId="bbdbcee8-ca55-4901-5447-ef52fe898c9e" testName="LubricantesAyrthonAPI.Tests.Services.ProductServiceTests.GetByIdAsync_ShouldReturnProduct_WhenProductExists" computerName="LLANOSJL70" duration="00:00:00.0014442" startTime="2025-09-25T19:52:44.0255379-04:00" endTime="2025-09-25T19:52:44.0255380-04:00" testType="13cdc9d9-ddb5-4fa4-a97d-d965ccfc6d4b" outcome="Passed" testListId="8c84fa94-04c1-424b-9868-57a2d4851a1d" relativeResultsDirectory="3e76be34-97af-408e-b373-141dde665c0e" />
    <UnitTestResult executionId="e950a079-6ecc-420b-bbac-5fa166e9ed5e" testId="e03e095b-df93-f1a0-e500-014426d85a2f" testName="LubricantesAyrthonAPI.Tests.Services.SaleServiceTests.UpdateSale_RepositoryFails_ReturnsNull" computerName="LLANOSJL70" duration="00:00:00.0908207" startTime="2025-09-25T19:52:44.0254898-04:00" endTime="2025-09-25T19:52:44.0254899-04:00" testType="13cdc9d9-ddb5-4fa4-a97d-d965ccfc6d4b" outcome="Passed" testListId="8c84fa94-04c1-424b-9868-57a2d4851a1d" relativeResultsDirectory="e950a079-6ecc-420b-bbac-5fa166e9ed5e" />
    <UnitTestResult executionId="67159d32-9593-4afb-ab60-598f88e4d018" testId="041c8d8e-e0d9-3769-4389-b68c61dd50ad" testName="LubricantesAyrthonAPI.Tests.TestDoubles.Stubs.SellerServiceTests.GetAllAsync_RepositorioSinRegistros_RetornaListaVacia" computerName="LLANOSJL70" duration="00:00:00.0009530" startTime="2025-09-25T19:52:44.0301341-04:00" endTime="2025-09-25T19:52:44.0301341-04:00" testType="13cdc9d9-ddb5-4fa4-a97d-d965ccfc6d4b" outcome="Passed" testListId="8c84fa94-04c1-424b-9868-57a2d4851a1d" relativeResultsDirectory="67159d32-9593-4afb-ab60-598f88e4d018" />
    <UnitTestResult executionId="185ae16e-5999-48c2-b60a-9732eece27dc" testId="3eb4eddb-7ae4-2c8f-3401-16d0ae4b5761" testName="LubricantesAyrthonAPI.Tests.Services.ProductServiceTests.GetAllAsync_ShouldReturnAllProducts_ReturnsSuccess" computerName="LLANOSJL70" duration="00:00:00.0015342" startTime="2025-09-25T19:52:44.0285788-04:00" endTime="2025-09-25T19:52:44.0285788-04:00" testType="13cdc9d9-ddb5-4fa4-a97d-d965ccfc6d4b" outcome="Passed" testListId="8c84fa94-04c1-424b-9868-57a2d4851a1d" relativeResultsDirectory="185ae16e-5999-48c2-b60a-9732eece27dc" />
    <UnitTestResult executionId="7c63a8a2-45b7-44e4-a66d-3564c2a809a9" testId="3eb7f6c8-8ca6-157a-3d21-ea35a5c4c5be" testName="LubricantesAyrthonAPI.Tests.Services.SaleServiceTests.GetByIdAsync_ReturnsCorrectSale_WhenIdExists" computerName="LLANOSJL70" duration="00:00:00.0018005" startTime="2025-09-25T19:52:44.0301532-04:00" endTime="2025-09-25T19:52:44.0301532-04:00" testType="13cdc9d9-ddb5-4fa4-a97d-d965ccfc6d4b" outcome="Passed" testListId="8c84fa94-04c1-424b-9868-57a2d4851a1d" relativeResultsDirectory="7c63a8a2-45b7-44e4-a66d-3564c2a809a9" />
    <UnitTestResult executionId="e5497968-f593-4e32-b2bb-eb19a830c5f9" testId="e62e53c7-abc0-a699-65a1-698bd4ba2fcf" testName="LubricantesAyrthonAPI.Tests.Services.CustomerServiceTests.UpdateAsync_ClienteInexistente_RetornaNull" computerName="LLANOSJL70" duration="00:00:00.0682997" startTime="2025-09-25T19:52:43.9807451-04:00" endTime="2025-09-25T19:52:43.9807463-04:00" testType="13cdc9d9-ddb5-4fa4-a97d-d965ccfc6d4b" outcome="Passed" testListId="8c84fa94-04c1-424b-9868-57a2d4851a1d" relativeResultsDirectory="e5497968-f593-4e32-b2bb-eb19a830c5f9" />
    <UnitTestResult executionId="0d80ffe9-a52f-4156-93d5-721c527ce400" testId="e8a0497d-e599-0eb1-f893-93bdd84e579e" testName="LubricantesAyrthonAPI.Tests.Services.SaleServiceTests.DeleteAsync_WhenSaleDoesNotExist_ReturnsFalse" computerName="LLANOSJL70" duration="00:00:00.0016409" startTime="2025-09-25T19:52:44.0300997-04:00" endTime="2025-09-25T19:52:44.0300998-04:00" testType="13cdc9d9-ddb5-4fa4-a97d-d965ccfc6d4b" outcome="Passed" testListId="8c84fa94-04c1-424b-9868-57a2d4851a1d" relativeResultsDirectory="0d80ffe9-a52f-4156-93d5-721c527ce400" />
    <UnitTestResult executionId="bb0bf58f-b43c-4b8a-8742-c0f22495f341" testId="6d8fb5be-bf67-395a-d9a7-746f341f2f8c" testName="LubricantesAyrthonAPI.Tests.Controllers.SaleControllerTests.TC_006_CreateSale_WithNegativeQuantity_ReturnsBadRequest" computerName="LLANOSJL70" duration="00:00:00.0863399" startTime="2025-09-25T19:52:43.9772877-04:00" endTime="2025-09-25T19:52:43.9772877-04:00" testType="13cdc9d9-ddb5-4fa4-a97d-d965ccfc6d4b" outcome="Passed" testListId="8c84fa94-04c1-424b-9868-57a2d4851a1d" relativeResultsDirectory="bb0bf58f-b43c-4b8a-8742-c0f22495f341" />
    <UnitTestResult executionId="b7c7b094-4fb9-440e-9008-8de8db15e8db" testId="01a652d2-ffbe-1af6-ae27-0c7540a8ddd2" testName="LubricantesAyrthonAPI.Tests.Services.CustomerServiceTests.GetCustomerById_NonExistentCustomer_ThrowsException" computerName="LLANOSJL70" duration="00:00:00.0182257" startTime="2025-09-25T19:52:43.9130626-04:00" endTime="2025-09-25T19:52:43.9130844-04:00" testType="13cdc9d9-ddb5-4fa4-a97d-d965ccfc6d4b" outcome="Passed" testListId="8c84fa94-04c1-424b-9868-57a2d4851a1d" relativeResultsDirectory="b7c7b094-4fb9-440e-9008-8de8db15e8db" />
    <UnitTestResult executionId="e61cba0f-f75c-4c39-9b20-e69d01c6c2fa" testId="56668994-d3d0-80da-649b-c2391c2156f7" testName="LubricantesAyrthonAPI.Tests.Services.ProductServiceTests.DeleteProduct_NonExistent_ReturnsFalse" computerName="LLANOSJL70" duration="00:00:00.0007762" startTime="2025-09-25T19:52:44.0349326-04:00" endTime="2025-09-25T19:52:44.0349326-04:00" testType="13cdc9d9-ddb5-4fa4-a97d-d965ccfc6d4b" outcome="Passed" testListId="8c84fa94-04c1-424b-9868-57a2d4851a1d" relativeResultsDirectory="e61cba0f-f75c-4c39-9b20-e69d01c6c2fa" />
    <UnitTestResult executionId="bfb7f107-070f-42ae-8f00-6f975343e6b7" testId="fd2ca557-3471-2857-3e7f-dffa64a64358" testName="LubricantesAyrthonAPI.Tests.TestDoubles.Stubs.SellerServiceTests.GetAllAsync_RepositorioContieneRegistros_RetornaListaDeSellerReadDto" computerName="LLANOSJL70" duration="00:00:00.0030852" startTime="2025-09-25T19:52:44.0296756-04:00" endTime="2025-09-25T19:52:44.0296757-04:00" testType="13cdc9d9-ddb5-4fa4-a97d-d965ccfc6d4b" outcome="Passed" testListId="8c84fa94-04c1-424b-9868-57a2d4851a1d" relativeResultsDirectory="bfb7f107-070f-42ae-8f00-6f975343e6b7" />
    <UnitTestResult executionId="f76432b3-167d-4a76-b7a8-99f5d3fe28b4" testId="e355b55a-a73b-26fd-ca0e-3d9d29fe2f2b" testName="LubricantesAyrthonAPI.Tests.TestDoubles.Stubs.SellerServiceTests.DeleteAsync_WhenRepositoryDeleteFails_ReturnsFalse" computerName="LLANOSJL70" duration="00:00:00.0027510" startTime="2025-09-25T19:52:44.0285164-04:00" endTime="2025-09-25T19:52:44.0285164-04:00" testType="13cdc9d9-ddb5-4fa4-a97d-d965ccfc6d4b" outcome="Passed" testListId="8c84fa94-04c1-424b-9868-57a2d4851a1d" relativeResultsDirectory="f76432b3-167d-4a76-b7a8-99f5d3fe28b4" />
    <UnitTestResult executionId="395308dd-02fa-4bfe-80f6-255bc8afc274" testId="1158ba92-9c15-62c6-6082-95443ed28549" testName="LubricantesAyrthonAPI.Tests.TestDoubles.Stubs.SellerServiceTests.DeleteAsync_WhenSellerDoesNotExist_ReturnsFalse" computerName="LLANOSJL70" duration="00:00:00.0900764" startTime="2025-09-25T19:52:43.9807740-04:00" endTime="2025-09-25T19:52:43.9807740-04:00" testType="13cdc9d9-ddb5-4fa4-a97d-d965ccfc6d4b" outcome="Passed" testListId="8c84fa94-04c1-424b-9868-57a2d4851a1d" relativeResultsDirectory="395308dd-02fa-4bfe-80f6-255bc8afc274" />
    <UnitTestResult executionId="7c2709e3-3fa6-41be-a401-54f6b4face01" testId="6a6149e3-401c-a037-53c9-b7aa3ea7d846" testName="LubricantesAyrthonAPI.Tests.Services.CustomerServiceTests.DeleteAsync_ClienteNoExistente_RetornaFalse" computerName="LLANOSJL70" duration="00:00:00.0015192" startTime="2025-09-25T19:52:44.0284618-04:00" endTime="2025-09-25T19:52:44.0284618-04:00" testType="13cdc9d9-ddb5-4fa4-a97d-d965ccfc6d4b" outcome="Passed" testListId="8c84fa94-04c1-424b-9868-57a2d4851a1d" relativeResultsDirectory="7c2709e3-3fa6-41be-a401-54f6b4face01" />
    <UnitTestResult executionId="19b90902-92c7-400a-9815-3172c83df76c" testId="280cd0cd-c003-e724-4f19-b9cd74e2ba6d" testName="LubricantesAyrthonAPI.Tests.TestDoubles.Stubs.SellerServiceTests.GetByIdAsync_IdNoExistente_RetornaNull" computerName="LLANOSJL70" duration="00:00:00.0021830" startTime="2025-09-25T19:52:44.0255806-04:00" endTime="2025-09-25T19:52:44.0255807-04:00" testType="13cdc9d9-ddb5-4fa4-a97d-d965ccfc6d4b" outcome="Passed" testListId="8c84fa94-04c1-424b-9868-57a2d4851a1d" relativeResultsDirectory="19b90902-92c7-400a-9815-3172c83df76c" />
    <UnitTestResult executionId="db8a0a77-b42c-418c-b6a1-54cf1d9ac520" testId="76b10265-ff67-2438-6360-2da1bc43bb6d" testName="LubricantesAyrthonAPI.Tests.Controllers.ProductControllerTests.CreateAsync_ShouldThrowArgumentException_WhenNameIsEmpty" computerName="LLANOSJL70" duration="00:00:00.0863093" startTime="2025-09-25T19:52:43.9771963-04:00" endTime="2025-09-25T19:52:43.9771974-04:00" testType="13cdc9d9-ddb5-4fa4-a97d-d965ccfc6d4b" outcome="Passed" testListId="8c84fa94-04c1-424b-9868-57a2d4851a1d" relativeResultsDirectory="db8a0a77-b42c-418c-b6a1-54cf1d9ac520" />
    <UnitTestResult executionId="7709e7eb-fca4-480e-aba5-851e081f4163" testId="18d55317-0eac-89ec-aded-5430904c43fb" testName="LubricantesAyrthonAPI.Tests.Services.ProductServiceTests.UpdateAsync_RepositoryUpdateFails_ReturnsNull" computerName="LLANOSJL70" duration="00:00:00.0016174" startTime="2025-09-25T19:52:44.0344897-04:00" endTime="2025-09-25T19:52:44.0344897-04:00" testType="13cdc9d9-ddb5-4fa4-a97d-d965ccfc6d4b" outcome="Failed" testListId="8c84fa94-04c1-424b-9868-57a2d4851a1d" relativeResultsDirectory="7709e7eb-fca4-480e-aba5-851e081f4163">
      <Output>
        <ErrorInfo>
          <Message>System.NullReferenceException : Object reference not set to an instance of an object.</Message>
          <StackTrace>   at LubricantesAyrthonAPI.Services.Implementations.ProductService.UpdateAsync(Int32 id, ProductUpdateDto product) in C:\Diplomado\Proyecto\LubricantesAyrthon\LubricantesAyrthonAPI\Services\Implementations\Product\ProductService.cs:line 83&#xD;
   at LubricantesAyrthonAPI.Tests.Services.ProductServiceTests.UpdateAsync_RepositoryUpdateFails_ReturnsNull() in C:\Diplomado\Proyecto\LubricantesAyrthon\LubricantesAyrthonAPI.Tests\Services\ProductServiceTests.cs:line 256&#xD;
--- End of stack trace from previous location ---</StackTrace>
        </ErrorInfo>
      </Output>
    </UnitTestResult>
    <UnitTestResult executionId="0b68c33c-1606-4247-9fdd-911bf159f1f5" testId="d4df0902-fdba-b4d0-49bb-ecc692b7f4f0" testName="LubricantesAyrthonAPI.Tests.Services.SaleServiceTests.CreateSale_WhenRepositoryFails_ThrowsException" computerName="LLANOSJL70" duration="00:00:00.0016902" startTime="2025-09-25T19:52:44.0292205-04:00" endTime="2025-09-25T19:52:44.0292205-04:00" testType="13cdc9d9-ddb5-4fa4-a97d-d965ccfc6d4b" outcome="Passed" testListId="8c84fa94-04c1-424b-9868-57a2d4851a1d" relativeResultsDirectory="0b68c33c-1606-4247-9fdd-911bf159f1f5" />
    <UnitTestResult executionId="8abac8e6-ccee-4e6b-bb2e-f8cff993c360" testId="530f1a35-9560-a07f-ca75-b79058b3a9e7" testName="LubricantesAyrthonAPI.Tests.Services.SaleServiceTests.UpdateAsync_ShouldReturnNull_WhenSaleDoesNotExist" computerName="LLANOSJL70" duration="00:00:00.0020030" startTime="2025-09-25T19:52:44.0295647-04:00" endTime="2025-09-25T19:52:44.0295647-04:00" testType="13cdc9d9-ddb5-4fa4-a97d-d965ccfc6d4b" outcome="Passed" testListId="8c84fa94-04c1-424b-9868-57a2d4851a1d" relativeResultsDirectory="8abac8e6-ccee-4e6b-bb2e-f8cff993c360" />
  </Results>
  <TestDefinitions>
    <UnitTest name="LubricantesAyrthonAPI.Tests.Services.SaleServiceTests.DeleteSale_WithStub_RemovesSale" storage="c:\diplomado\proyecto\lubricantesayrthon\lubricantesayrthonapi.tests\bin\debug\net9.0\lubricantesayrthonapi.tests.dll" id="66c3bbd0-65a7-78fc-06b0-1f417b9bf440">
      <Execution id="37ba0c48-e01e-4e39-bda0-41e3c0bbf286" />
      <TestMethod codeBase="C:\Diplomado\Proyecto\LubricantesAyrthon\LubricantesAyrthonAPI.Tests\bin\Debug\net9.0\LubricantesAyrthonAPI.Tests.dll" adapterTypeName="executor://xunit/VsTestRunner2/netcoreapp" className="LubricantesAyrthonAPI.Tests.Services.SaleServiceTests" name="DeleteSale_WithStub_RemovesSale" />
    </UnitTest>
    <UnitTest name="LubricantesAyrthonAPI.Tests.Services.SaleServiceTests.CreateSale_WhenRepositoryFails_ThrowsException" storage="c:\diplomado\proyecto\lubricantesayrthon\lubricantesayrthonapi.tests\bin\debug\net9.0\lubricantesayrthonapi.tests.dll" id="d4df0902-fdba-b4d0-49bb-ecc692b7f4f0">
      <Execution id="0b68c33c-1606-4247-9fdd-911bf159f1f5" />
      <TestMethod codeBase="C:\Diplomado\Proyecto\LubricantesAyrthon\LubricantesAyrthonAPI.Tests\bin\Debug\net9.0\LubricantesAyrthonAPI.Tests.dll" adapterTypeName="executor://xunit/VsTestRunner2/netcoreapp" className="LubricantesAyrthonAPI.Tests.Services.SaleServiceTests" name="CreateSale_WhenRepositoryFails_ThrowsException" />
    </UnitTest>
    <UnitTest name="LubricantesAyrthonAPI.Tests.Services.ProductServiceTests.UpdateAsync_ShouldReturnUpdatedProduct_WhenProductExists" storage="c:\diplomado\proyecto\lubricantesayrthon\lubricantesayrthonapi.tests\bin\debug\net9.0\lubricantesayrthonapi.tests.dll" id="8eb27e5f-8ecd-332f-dbbc-c4a0e3fb4847">
      <Execution id="f4925dc3-2285-4da0-96aa-4acad4d288df" />
      <TestMethod codeBase="C:\Diplomado\Proyecto\LubricantesAyrthon\LubricantesAyrthonAPI.Tests\bin\Debug\net9.0\LubricantesAyrthonAPI.Tests.dll" adapterTypeName="executor://xunit/VsTestRunner2/netcoreapp" className="LubricantesAyrthonAPI.Tests.Services.ProductServiceTests" name="UpdateAsync_ShouldReturnUpdatedProduct_WhenProductExists" />
    </UnitTest>
    <UnitTest name="LubricantesAyrthonAPI.Tests.Services.CustomerServiceTests.DeleteAsync_ClienteNoExistente_RetornaFalse" storage="c:\diplomado\proyecto\lubricantesayrthon\lubricantesayrthonapi.tests\bin\debug\net9.0\lubricantesayrthonapi.tests.dll" id="6a6149e3-401c-a037-53c9-b7aa3ea7d846">
      <Execution id="7c2709e3-3fa6-41be-a401-54f6b4face01" />
      <TestMethod codeBase="C:\Diplomado\Proyecto\LubricantesAyrthon\LubricantesAyrthonAPI.Tests\bin\Debug\net9.0\LubricantesAyrthonAPI.Tests.dll" adapterTypeName="executor://xunit/VsTestRunner2/netcoreapp" className="LubricantesAyrthonAPI.Tests.Services.CustomerServiceTests" name="DeleteAsync_ClienteNoExistente_RetornaFalse" />
    </UnitTest>
    <UnitTest name="LubricantesAyrthonAPI.Tests.Services.CustomerServiceTests.GetAllAsync_ShouldReturnAllCustomers_FromStub" storage="c:\diplomado\proyecto\lubricantesayrthon\lubricantesayrthonapi.tests\bin\debug\net9.0\lubricantesayrthonapi.tests.dll" id="8bddd13d-6892-ae1d-d88e-996aa2e1a635">
      <Execution id="ee87f22e-a8fb-4aab-bd07-793737adb64d" />
      <TestMethod codeBase="C:\Diplomado\Proyecto\LubricantesAyrthon\LubricantesAyrthonAPI.Tests\bin\Debug\net9.0\LubricantesAyrthonAPI.Tests.dll" adapterTypeName="executor://xunit/VsTestRunner2/netcoreapp" className="LubricantesAyrthonAPI.Tests.Services.CustomerServiceTests" name="GetAllAsync_ShouldReturnAllCustomers_FromStub" />
    </UnitTest>
    <UnitTest name="LubricantesAyrthonAPI.Tests.Services.SaleServiceTests.TC_013_GetAllSales_WithStub_ReturnsAllSales" storage="c:\diplomado\proyecto\lubricantesayrthon\lubricantesayrthonapi.tests\bin\debug\net9.0\lubricantesayrthonapi.tests.dll" id="84570ab4-49a3-050d-d0e9-bbc28f3c2c53">
      <Execution id="5b8a2edf-cde6-4823-8212-9d2440bb6cce" />
      <TestMethod codeBase="C:\Diplomado\Proyecto\LubricantesAyrthon\LubricantesAyrthonAPI.Tests\bin\Debug\net9.0\LubricantesAyrthonAPI.Tests.dll" adapterTypeName="executor://xunit/VsTestRunner2/netcoreapp" className="LubricantesAyrthonAPI.Tests.Services.SaleServiceTests" name="TC_013_GetAllSales_WithStub_ReturnsAllSales" />
    </UnitTest>
    <UnitTest name="LubricantesAyrthonAPI.Tests.Services.SaleServiceTests.TC_015_CreateSale_AddAsyncReturnsNull_ReturnsNull" storage="c:\diplomado\proyecto\lubricantesayrthon\lubricantesayrthonapi.tests\bin\debug\net9.0\lubricantesayrthonapi.tests.dll" id="6dc62724-55df-c7e7-e975-b0770989c778">
      <Execution id="f1d90a8d-5771-4696-837e-422190c7c025" />
      <TestMethod codeBase="C:\Diplomado\Proyecto\LubricantesAyrthon\LubricantesAyrthonAPI.Tests\bin\Debug\net9.0\LubricantesAyrthonAPI.Tests.dll" adapterTypeName="executor://xunit/VsTestRunner2/netcoreapp" className="LubricantesAyrthonAPI.Tests.Services.SaleServiceTests" name="TC_015_CreateSale_AddAsyncReturnsNull_ReturnsNull" />
    </UnitTest>
    <UnitTest name="LubricantesAyrthonAPI.Tests.Services.ProductServiceTests.GetByIdAsync_ReturnsNull_WhenProductDoesNotExist" storage="c:\diplomado\proyecto\lubricantesayrthon\lubricantesayrthonapi.tests\bin\debug\net9.0\lubricantesayrthonapi.tests.dll" id="d6e2084f-ec1a-94cb-51ef-8758ea1ad2a8">
      <Execution id="490980ee-5a56-4c6e-ae25-32bba6a327ec" />
      <TestMethod codeBase="C:\Diplomado\Proyecto\LubricantesAyrthon\LubricantesAyrthonAPI.Tests\bin\Debug\net9.0\LubricantesAyrthonAPI.Tests.dll" adapterTypeName="executor://xunit/VsTestRunner2/netcoreapp" className="LubricantesAyrthonAPI.Tests.Services.ProductServiceTests" name="GetByIdAsync_ReturnsNull_WhenProductDoesNotExist" />
    </UnitTest>
    <UnitTest name="LubricantesAyrthonAPI.Tests.Controllers.SaleControllerTests.TC_006_CreateSale_WithNegativeQuantity_ReturnsBadRequest" storage="c:\diplomado\proyecto\lubricantesayrthon\lubricantesayrthonapi.tests\bin\debug\net9.0\lubricantesayrthonapi.tests.dll" id="6d8fb5be-bf67-395a-d9a7-746f341f2f8c">
      <Execution id="bb0bf58f-b43c-4b8a-8742-c0f22495f341" />
      <TestMethod codeBase="C:\Diplomado\Proyecto\LubricantesAyrthon\LubricantesAyrthonAPI.Tests\bin\Debug\net9.0\LubricantesAyrthonAPI.Tests.dll" adapterTypeName="executor://xunit/VsTestRunner2/netcoreapp" className="LubricantesAyrthonAPI.Tests.Controllers.SaleControllerTests" name="TC_006_CreateSale_WithNegativeQuantity_ReturnsBadRequest" />
    </UnitTest>
    <UnitTest name="LubricantesAyrthonAPI.Tests.TestDoubles.Stubs.SellerServiceTests.DeleteAsync_WhenRepositoryDeleteFails_ReturnsFalse" storage="c:\diplomado\proyecto\lubricantesayrthon\lubricantesayrthonapi.tests\bin\debug\net9.0\lubricantesayrthonapi.tests.dll" id="e355b55a-a73b-26fd-ca0e-3d9d29fe2f2b">
      <Execution id="f76432b3-167d-4a76-b7a8-99f5d3fe28b4" />
      <TestMethod codeBase="C:\Diplomado\Proyecto\LubricantesAyrthon\LubricantesAyrthonAPI.Tests\bin\Debug\net9.0\LubricantesAyrthonAPI.Tests.dll" adapterTypeName="executor://xunit/VsTestRunner2/netcoreapp" className="LubricantesAyrthonAPI.Tests.TestDoubles.Stubs.SellerServiceTests" name="DeleteAsync_WhenRepositoryDeleteFails_ReturnsFalse" />
    </UnitTest>
    <UnitTest name="LubricantesAyrthonAPI.Tests.Services.SaleServiceTests.UpdateSale_RepositoryFails_ReturnsNull" storage="c:\diplomado\proyecto\lubricantesayrthon\lubricantesayrthonapi.tests\bin\debug\net9.0\lubricantesayrthonapi.tests.dll" id="e03e095b-df93-f1a0-e500-014426d85a2f">
      <Execution id="e950a079-6ecc-420b-bbac-5fa166e9ed5e" />
      <TestMethod codeBase="C:\Diplomado\Proyecto\LubricantesAyrthon\LubricantesAyrthonAPI.Tests\bin\Debug\net9.0\LubricantesAyrthonAPI.Tests.dll" adapterTypeName="executor://xunit/VsTestRunner2/netcoreapp" className="LubricantesAyrthonAPI.Tests.Services.SaleServiceTests" name="UpdateSale_RepositoryFails_ReturnsNull" />
    </UnitTest>
    <UnitTest name="LubricantesAyrthonAPI.Tests.Services.SaleServiceTests.UpdateAsync_ShouldUpdateSale_WhenSaleExists" storage="c:\diplomado\proyecto\lubricantesayrthon\lubricantesayrthonapi.tests\bin\debug\net9.0\lubricantesayrthonapi.tests.dll" id="cac0dbac-f636-65cc-b328-12118a13f6c7">
      <Execution id="8f196698-2320-431f-a2a2-71492cc57861" />
      <TestMethod codeBase="C:\Diplomado\Proyecto\LubricantesAyrthon\LubricantesAyrthonAPI.Tests\bin\Debug\net9.0\LubricantesAyrthonAPI.Tests.dll" adapterTypeName="executor://xunit/VsTestRunner2/netcoreapp" className="LubricantesAyrthonAPI.Tests.Services.SaleServiceTests" name="UpdateAsync_ShouldUpdateSale_WhenSaleExists" />
    </UnitTest>
    <UnitTest name="LubricantesAyrthonAPI.Tests.TestDoubles.Stubs.SellerServiceTests.GetAllAsync_RepositorioContieneRegistros_RetornaListaDeSellerReadDto" storage="c:\diplomado\proyecto\lubricantesayrthon\lubricantesayrthonapi.tests\bin\debug\net9.0\lubricantesayrthonapi.tests.dll" id="fd2ca557-3471-2857-3e7f-dffa64a64358">
      <Execution id="bfb7f107-070f-42ae-8f00-6f975343e6b7" />
      <TestMethod codeBase="C:\Diplomado\Proyecto\LubricantesAyrthon\LubricantesAyrthonAPI.Tests\bin\Debug\net9.0\LubricantesAyrthonAPI.Tests.dll" adapterTypeName="executor://xunit/VsTestRunner2/netcoreapp" className="LubricantesAyrthonAPI.Tests.TestDoubles.Stubs.SellerServiceTests" name="GetAllAsync_RepositorioContieneRegistros_RetornaListaDeSellerReadDto" />
    </UnitTest>
    <UnitTest name="LubricantesAyrthonAPI.Tests.Dtos.CustomerDtoTests.CustomerCreateDto_NameIsRequired_ValidationFails" storage="c:\diplomado\proyecto\lubricantesayrthon\lubricantesayrthonapi.tests\bin\debug\net9.0\lubricantesayrthonapi.tests.dll" id="b29edcb2-9e8b-ee92-8f06-6dd9a9626ef1">
      <Execution id="755c15ab-c614-4764-9beb-56d8002e291a" />
      <TestMethod codeBase="C:\Diplomado\Proyecto\LubricantesAyrthon\LubricantesAyrthonAPI.Tests\bin\Debug\net9.0\LubricantesAyrthonAPI.Tests.dll" adapterTypeName="executor://xunit/VsTestRunner2/netcoreapp" className="LubricantesAyrthonAPI.Tests.Dtos.CustomerDtoTests" name="CustomerCreateDto_NameIsRequired_ValidationFails" />
    </UnitTest>
    <UnitTest name="LubricantesAyrthonAPI.Tests.Services.ProductServiceTests.DeleteAsync_ShouldCallRepositoryDelete_WhenProductExists" storage="c:\diplomado\proyecto\lubricantesayrthon\lubricantesayrthonapi.tests\bin\debug\net9.0\lubricantesayrthonapi.tests.dll" id="2a3d838b-ac70-5a61-d621-af84809b73c7">
      <Execution id="c4c0bf83-5868-4eed-8d4c-423f6aeb45b7" />
      <TestMethod codeBase="C:\Diplomado\Proyecto\LubricantesAyrthon\LubricantesAyrthonAPI.Tests\bin\Debug\net9.0\LubricantesAyrthonAPI.Tests.dll" adapterTypeName="executor://xunit/VsTestRunner2/netcoreapp" className="LubricantesAyrthonAPI.Tests.Services.ProductServiceTests" name="DeleteAsync_ShouldCallRepositoryDelete_WhenProductExists" />
    </UnitTest>
    <UnitTest name="LubricantesAyrthonAPI.Tests.Services.CustomerServiceTests.GetCustomerById_NonExistentCustomer_ThrowsException" storage="c:\diplomado\proyecto\lubricantesayrthon\lubricantesayrthonapi.tests\bin\debug\net9.0\lubricantesayrthonapi.tests.dll" id="01a652d2-ffbe-1af6-ae27-0c7540a8ddd2">
      <Execution id="b7c7b094-4fb9-440e-9008-8de8db15e8db" />
      <TestMethod codeBase="C:\Diplomado\Proyecto\LubricantesAyrthon\LubricantesAyrthonAPI.Tests\bin\Debug\net9.0\LubricantesAyrthonAPI.Tests.dll" adapterTypeName="executor://xunit/VsTestRunner2/netcoreapp" className="LubricantesAyrthonAPI.Tests.Services.CustomerServiceTests" name="GetCustomerById_NonExistentCustomer_ThrowsException" />
    </UnitTest>
    <UnitTest name="LubricantesAyrthonAPI.Tests.Controllers.CustomerControllerTests.RegisterCustomer_MissingRequiredData_ReturnsBadRequest" storage="c:\diplomado\proyecto\lubricantesayrthon\lubricantesayrthonapi.tests\bin\debug\net9.0\lubricantesayrthonapi.tests.dll" id="489487c8-7ed8-047d-5694-76893e84bbf9">
      <Execution id="c83916d4-0afd-48cb-b306-d97ab3705327" />
      <TestMethod codeBase="C:\Diplomado\Proyecto\LubricantesAyrthon\LubricantesAyrthonAPI.Tests\bin\Debug\net9.0\LubricantesAyrthonAPI.Tests.dll" adapterTypeName="executor://xunit/VsTestRunner2/netcoreapp" className="LubricantesAyrthonAPI.Tests.Controllers.CustomerControllerTests" name="RegisterCustomer_MissingRequiredData_ReturnsBadRequest" />
    </UnitTest>
    <UnitTest name="LubricantesAyrthonAPI.Tests.Services.SaleServiceTests.CalculateTotalPrice_WithValidDetails_ReturnsCorrectSum" storage="c:\diplomado\proyecto\lubricantesayrthon\lubricantesayrthonapi.tests\bin\debug\net9.0\lubricantesayrthonapi.tests.dll" id="4cd537ee-e372-508f-aec1-f8b78d2430e6">
      <Execution id="3dbc3889-5c5a-456e-9f36-f24e78fe9af8" />
      <TestMethod codeBase="C:\Diplomado\Proyecto\LubricantesAyrthon\LubricantesAyrthonAPI.Tests\bin\Debug\net9.0\LubricantesAyrthonAPI.Tests.dll" adapterTypeName="executor://xunit/VsTestRunner2/netcoreapp" className="LubricantesAyrthonAPI.Tests.Services.SaleServiceTests" name="CalculateTotalPrice_WithValidDetails_ReturnsCorrectSum" />
    </UnitTest>
    <UnitTest name="LubricantesAyrthonAPI.Tests.Services.CustomerServiceTests.UpdateAsync_ClienteInexistente_RetornaNull" storage="c:\diplomado\proyecto\lubricantesayrthon\lubricantesayrthonapi.tests\bin\debug\net9.0\lubricantesayrthonapi.tests.dll" id="e62e53c7-abc0-a699-65a1-698bd4ba2fcf">
      <Execution id="e5497968-f593-4e32-b2bb-eb19a830c5f9" />
      <TestMethod codeBase="C:\Diplomado\Proyecto\LubricantesAyrthon\LubricantesAyrthonAPI.Tests\bin\Debug\net9.0\LubricantesAyrthonAPI.Tests.dll" adapterTypeName="executor://xunit/VsTestRunner2/netcoreapp" className="LubricantesAyrthonAPI.Tests.Services.CustomerServiceTests" name="UpdateAsync_ClienteInexistente_RetornaNull" />
    </UnitTest>
    <UnitTest name="LubricantesAyrthonAPI.Tests.Services.CustomerServiceTests.RegisterCustomer_ValidData_ReturnsSuccess" storage="c:\diplomado\proyecto\lubricantesayrthon\lubricantesayrthonapi.tests\bin\debug\net9.0\lubricantesayrthonapi.tests.dll" id="8f5c3b0c-555d-d612-f238-df81fc1d5dbf">
      <Execution id="5cad6703-3344-4d66-a4cc-70b3e4a44ab7" />
      <TestMethod codeBase="C:\Diplomado\Proyecto\LubricantesAyrthon\LubricantesAyrthonAPI.Tests\bin\Debug\net9.0\LubricantesAyrthonAPI.Tests.dll" adapterTypeName="executor://xunit/VsTestRunner2/netcoreapp" className="LubricantesAyrthonAPI.Tests.Services.CustomerServiceTests" name="RegisterCustomer_ValidData_ReturnsSuccess" />
    </UnitTest>
    <UnitTest name="LubricantesAyrthonAPI.Tests.Services.SaleServiceTests.DeleteAsync_WhenSaleDoesNotExist_ReturnsFalse" storage="c:\diplomado\proyecto\lubricantesayrthon\lubricantesayrthonapi.tests\bin\debug\net9.0\lubricantesayrthonapi.tests.dll" id="e8a0497d-e599-0eb1-f893-93bdd84e579e">
      <Execution id="0d80ffe9-a52f-4156-93d5-721c527ce400" />
      <TestMethod codeBase="C:\Diplomado\Proyecto\LubricantesAyrthon\LubricantesAyrthonAPI.Tests\bin\Debug\net9.0\LubricantesAyrthonAPI.Tests.dll" adapterTypeName="executor://xunit/VsTestRunner2/netcoreapp" className="LubricantesAyrthonAPI.Tests.Services.SaleServiceTests" name="DeleteAsync_WhenSaleDoesNotExist_ReturnsFalse" />
    </UnitTest>
    <UnitTest name="LubricantesAyrthonAPI.Tests.TestDoubles.Stubs.SellerServiceTests.CreateAsync_RepositorioFalla_RetornaNull" storage="c:\diplomado\proyecto\lubricantesayrthon\lubricantesayrthonapi.tests\bin\debug\net9.0\lubricantesayrthonapi.tests.dll" id="b924ceb9-97a2-37f1-8060-bcd7105c8b08">
      <Execution id="dbe0b3fb-26b6-4131-8bbf-c9679d6fca48" />
      <TestMethod codeBase="C:\Diplomado\Proyecto\LubricantesAyrthon\LubricantesAyrthonAPI.Tests\bin\Debug\net9.0\LubricantesAyrthonAPI.Tests.dll" adapterTypeName="executor://xunit/VsTestRunner2/netcoreapp" className="LubricantesAyrthonAPI.Tests.TestDoubles.Stubs.SellerServiceTests" name="CreateAsync_RepositorioFalla_RetornaNull" />
    </UnitTest>
    <UnitTest name="LubricantesAyrthonAPI.Tests.Services.CustomerServiceTests.UpdateAsync_ClienteExistente_RetornaClienteActualizado" storage="c:\diplomado\proyecto\lubricantesayrthon\lubricantesayrthonapi.tests\bin\debug\net9.0\lubricantesayrthonapi.tests.dll" id="ed1ddd1c-2de2-6e87-ef68-eb1c18dfee89">
      <Execution id="fc3d453e-3290-42d7-b4d8-1935a61f7098" />
      <TestMethod codeBase="C:\Diplomado\Proyecto\LubricantesAyrthon\LubricantesAyrthonAPI.Tests\bin\Debug\net9.0\LubricantesAyrthonAPI.Tests.dll" adapterTypeName="executor://xunit/VsTestRunner2/netcoreapp" className="LubricantesAyrthonAPI.Tests.Services.CustomerServiceTests" name="UpdateAsync_ClienteExistente_RetornaClienteActualizado" />
    </UnitTest>
    <UnitTest name="LubricantesAyrthonAPI.Tests.Services.SaleServiceTests.GetByIdAsync_ReturnsCorrectSale_WhenIdExists" storage="c:\diplomado\proyecto\lubricantesayrthon\lubricantesayrthonapi.tests\bin\debug\net9.0\lubricantesayrthonapi.tests.dll" id="3eb7f6c8-8ca6-157a-3d21-ea35a5c4c5be">
      <Execution id="7c63a8a2-45b7-44e4-a66d-3564c2a809a9" />
      <TestMethod codeBase="C:\Diplomado\Proyecto\LubricantesAyrthon\LubricantesAyrthonAPI.Tests\bin\Debug\net9.0\LubricantesAyrthonAPI.Tests.dll" adapterTypeName="executor://xunit/VsTestRunner2/netcoreapp" className="LubricantesAyrthonAPI.Tests.Services.SaleServiceTests" name="GetByIdAsync_ReturnsCorrectSale_WhenIdExists" />
    </UnitTest>
    <UnitTest name="LubricantesAyrthonAPI.Tests.TestDoubles.Stubs.SellerServiceTests.UpdateAsync_RepositoryUpdateFails_ReturnsNull" storage="c:\diplomado\proyecto\lubricantesayrthon\lubricantesayrthonapi.tests\bin\debug\net9.0\lubricantesayrthonapi.tests.dll" id="bf82794c-b48c-3b1e-0a9d-524a4671a485">
      <Execution id="6176c9b8-830c-485b-b4d5-9e62f546ac38" />
      <TestMethod codeBase="C:\Diplomado\Proyecto\LubricantesAyrthon\LubricantesAyrthonAPI.Tests\bin\Debug\net9.0\LubricantesAyrthonAPI.Tests.dll" adapterTypeName="executor://xunit/VsTestRunner2/netcoreapp" className="LubricantesAyrthonAPI.Tests.TestDoubles.Stubs.SellerServiceTests" name="UpdateAsync_RepositoryUpdateFails_ReturnsNull" />
    </UnitTest>
    <UnitTest name="LubricantesAyrthonAPI.Tests.TestDoubles.Stubs.SellerServiceTests.UpdateAsync_ExistingSeller_ReturnsUpdatedSeller" storage="c:\diplomado\proyecto\lubricantesayrthon\lubricantesayrthonapi.tests\bin\debug\net9.0\lubricantesayrthonapi.tests.dll" id="8d939349-da7e-e3a2-3b6e-f73ef21deaa1">
      <Execution id="95c2a13a-5e38-49c5-8952-e511bbfcc8c3" />
      <TestMethod codeBase="C:\Diplomado\Proyecto\LubricantesAyrthon\LubricantesAyrthonAPI.Tests\bin\Debug\net9.0\LubricantesAyrthonAPI.Tests.dll" adapterTypeName="executor://xunit/VsTestRunner2/netcoreapp" className="LubricantesAyrthonAPI.Tests.TestDoubles.Stubs.SellerServiceTests" name="UpdateAsync_ExistingSeller_ReturnsUpdatedSeller" />
    </UnitTest>
    <UnitTest name="LubricantesAyrthonAPI.Tests.Controllers.ProductControllerTests.CreateAsync_ShouldThrowArgumentException_WhenNameIsEmpty" storage="c:\diplomado\proyecto\lubricantesayrthon\lubricantesayrthonapi.tests\bin\debug\net9.0\lubricantesayrthonapi.tests.dll" id="76b10265-ff67-2438-6360-2da1bc43bb6d">
      <Execution id="db8a0a77-b42c-418c-b6a1-54cf1d9ac520" />
      <TestMethod codeBase="C:\Diplomado\Proyecto\LubricantesAyrthon\LubricantesAyrthonAPI.Tests\bin\Debug\net9.0\LubricantesAyrthonAPI.Tests.dll" adapterTypeName="executor://xunit/VsTestRunner2/netcoreapp" className="LubricantesAyrthonAPI.Tests.Controllers.ProductControllerTests" name="CreateAsync_ShouldThrowArgumentException_WhenNameIsEmpty" />
    </UnitTest>
    <UnitTest name="LubricantesAyrthonAPI.Tests.Services.ProductServiceTests.CreateAsync_ShouldCreateProduct_WhenDataIsValid" storage="c:\diplomado\proyecto\lubricantesayrthon\lubricantesayrthonapi.tests\bin\debug\net9.0\lubricantesayrthonapi.tests.dll" id="6353f96c-29cc-52a7-ca5c-04c4233f561a">
      <Execution id="e44f02dd-1a16-4707-9c06-dac2e67b78b7" />
      <TestMethod codeBase="C:\Diplomado\Proyecto\LubricantesAyrthon\LubricantesAyrthonAPI.Tests\bin\Debug\net9.0\LubricantesAyrthonAPI.Tests.dll" adapterTypeName="executor://xunit/VsTestRunner2/netcoreapp" className="LubricantesAyrthonAPI.Tests.Services.ProductServiceTests" name="CreateAsync_ShouldCreateProduct_WhenDataIsValid" />
    </UnitTest>
    <UnitTest name="LubricantesAyrthonAPI.Tests.Services.SaleServiceTests.GetAllAsync_RepositoryReturnsNull_ReturnsEmptyList" storage="c:\diplomado\proyecto\lubricantesayrthon\lubricantesayrthonapi.tests\bin\debug\net9.0\lubricantesayrthonapi.tests.dll" id="87c1f46c-e75a-5723-a7d8-bfa8909d4f3d">
      <Execution id="3f45b583-8f0c-43ca-9a5f-3f725a61efb0" />
      <TestMethod codeBase="C:\Diplomado\Proyecto\LubricantesAyrthon\LubricantesAyrthonAPI.Tests\bin\Debug\net9.0\LubricantesAyrthonAPI.Tests.dll" adapterTypeName="executor://xunit/VsTestRunner2/netcoreapp" className="LubricantesAyrthonAPI.Tests.Services.SaleServiceTests" name="GetAllAsync_RepositoryReturnsNull_ReturnsEmptyList" />
    </UnitTest>
    <UnitTest name="LubricantesAyrthonAPI.Tests.TestDoubles.Stubs.SellerServiceTests.GetByIdAsync_IdNoExistente_RetornaNull" storage="c:\diplomado\proyecto\lubricantesayrthon\lubricantesayrthonapi.tests\bin\debug\net9.0\lubricantesayrthonapi.tests.dll" id="280cd0cd-c003-e724-4f19-b9cd74e2ba6d">
      <Execution id="19b90902-92c7-400a-9815-3172c83df76c" />
      <TestMethod codeBase="C:\Diplomado\Proyecto\LubricantesAyrthon\LubricantesAyrthonAPI.Tests\bin\Debug\net9.0\LubricantesAyrthonAPI.Tests.dll" adapterTypeName="executor://xunit/VsTestRunner2/netcoreapp" className="LubricantesAyrthonAPI.Tests.TestDoubles.Stubs.SellerServiceTests" name="GetByIdAsync_IdNoExistente_RetornaNull" />
    </UnitTest>
    <UnitTest name="LubricantesAyrthonAPI.Tests.Services.ProductServiceTests.GetByIdAsync_ShouldReturnProduct_WhenProductExists" storage="c:\diplomado\proyecto\lubricantesayrthon\lubricantesayrthonapi.tests\bin\debug\net9.0\lubricantesayrthonapi.tests.dll" id="bbdbcee8-ca55-4901-5447-ef52fe898c9e">
      <Execution id="3e76be34-97af-408e-b373-141dde665c0e" />
      <TestMethod codeBase="C:\Diplomado\Proyecto\LubricantesAyrthon\LubricantesAyrthonAPI.Tests\bin\Debug\net9.0\LubricantesAyrthonAPI.Tests.dll" adapterTypeName="executor://xunit/VsTestRunner2/netcoreapp" className="LubricantesAyrthonAPI.Tests.Services.ProductServiceTests" name="GetByIdAsync_ShouldReturnProduct_WhenProductExists" />
    </UnitTest>
    <UnitTest name="LubricantesAyrthonAPI.Tests.Services.ProductServiceTests.GetAllAsync_ShouldReturnAllProducts_ReturnsSuccess" storage="c:\diplomado\proyecto\lubricantesayrthon\lubricantesayrthonapi.tests\bin\debug\net9.0\lubricantesayrthonapi.tests.dll" id="3eb4eddb-7ae4-2c8f-3401-16d0ae4b5761">
      <Execution id="185ae16e-5999-48c2-b60a-9732eece27dc" />
      <TestMethod codeBase="C:\Diplomado\Proyecto\LubricantesAyrthon\LubricantesAyrthonAPI.Tests\bin\Debug\net9.0\LubricantesAyrthonAPI.Tests.dll" adapterTypeName="executor://xunit/VsTestRunner2/netcoreapp" className="LubricantesAyrthonAPI.Tests.Services.ProductServiceTests" name="GetAllAsync_ShouldReturnAllProducts_ReturnsSuccess" />
    </UnitTest>
    <UnitTest name="LubricantesAyrthonAPI.Tests.Services.SaleServiceTests.CreateSale_WithValidData_Success" storage="c:\diplomado\proyecto\lubricantesayrthon\lubricantesayrthonapi.tests\bin\debug\net9.0\lubricantesayrthonapi.tests.dll" id="cbd6210a-be76-3f31-fa99-1048c6b2dad8">
      <Execution id="5055ff70-d336-44df-bdcf-798599627749" />
      <TestMethod codeBase="C:\Diplomado\Proyecto\LubricantesAyrthon\LubricantesAyrthonAPI.Tests\bin\Debug\net9.0\LubricantesAyrthonAPI.Tests.dll" adapterTypeName="executor://xunit/VsTestRunner2/netcoreapp" className="LubricantesAyrthonAPI.Tests.Services.SaleServiceTests" name="CreateSale_WithValidData_Success" />
    </UnitTest>
    <UnitTest name="LubricantesAyrthonAPI.Tests.TestDoubles.Stubs.SellerServiceTests.DeleteAsync_VendedorExistente_RetornaTrue" storage="c:\diplomado\proyecto\lubricantesayrthon\lubricantesayrthonapi.tests\bin\debug\net9.0\lubricantesayrthonapi.tests.dll" id="07c0a179-a654-60e6-dd13-bb7a227ec791">
      <Execution id="89303a48-3002-4322-9713-3477c4091cbc" />
      <TestMethod codeBase="C:\Diplomado\Proyecto\LubricantesAyrthon\LubricantesAyrthonAPI.Tests\bin\Debug\net9.0\LubricantesAyrthonAPI.Tests.dll" adapterTypeName="executor://xunit/VsTestRunner2/netcoreapp" className="LubricantesAyrthonAPI.Tests.TestDoubles.Stubs.SellerServiceTests" name="DeleteAsync_VendedorExistente_RetornaTrue" />
    </UnitTest>
    <UnitTest name="LubricantesAyrthonAPI.Tests.TestDoubles.Stubs.SellerServiceTests.DeleteAsync_WhenSellerDoesNotExist_ReturnsFalse" storage="c:\diplomado\proyecto\lubricantesayrthon\lubricantesayrthonapi.tests\bin\debug\net9.0\lubricantesayrthonapi.tests.dll" id="1158ba92-9c15-62c6-6082-95443ed28549">
      <Execution id="395308dd-02fa-4bfe-80f6-255bc8afc274" />
      <TestMethod codeBase="C:\Diplomado\Proyecto\LubricantesAyrthon\LubricantesAyrthonAPI.Tests\bin\Debug\net9.0\LubricantesAyrthonAPI.Tests.dll" adapterTypeName="executor://xunit/VsTestRunner2/netcoreapp" className="LubricantesAyrthonAPI.Tests.TestDoubles.Stubs.SellerServiceTests" name="DeleteAsync_WhenSellerDoesNotExist_ReturnsFalse" />
    </UnitTest>
    <UnitTest name="LubricantesAyrthonAPI.Tests.TestDoubles.Stubs.SellerServiceTests.GetAllAsync_RepositorioSinRegistros_RetornaListaVacia" storage="c:\diplomado\proyecto\lubricantesayrthon\lubricantesayrthonapi.tests\bin\debug\net9.0\lubricantesayrthonapi.tests.dll" id="041c8d8e-e0d9-3769-4389-b68c61dd50ad">
      <Execution id="67159d32-9593-4afb-ab60-598f88e4d018" />
      <TestMethod codeBase="C:\Diplomado\Proyecto\LubricantesAyrthon\LubricantesAyrthonAPI.Tests\bin\Debug\net9.0\LubricantesAyrthonAPI.Tests.dll" adapterTypeName="executor://xunit/VsTestRunner2/netcoreapp" className="LubricantesAyrthonAPI.Tests.TestDoubles.Stubs.SellerServiceTests" name="GetAllAsync_RepositorioSinRegistros_RetornaListaVacia" />
    </UnitTest>
    <UnitTest name="LubricantesAyrthonAPI.Tests.Services.ProductServiceTests.UpdateAsync_ReturnsNull_WhenProductDoesNotExist" storage="c:\diplomado\proyecto\lubricantesayrthon\lubricantesayrthonapi.tests\bin\debug\net9.0\lubricantesayrthonapi.tests.dll" id="dbf088c6-ed36-3a20-32d6-d66a4e3ded33">
      <Execution id="71f91c79-2fb1-441b-ab3b-756b9b1344be" />
      <TestMethod codeBase="C:\Diplomado\Proyecto\LubricantesAyrthon\LubricantesAyrthonAPI.Tests\bin\Debug\net9.0\LubricantesAyrthonAPI.Tests.dll" adapterTypeName="executor://xunit/VsTestRunner2/netcoreapp" className="LubricantesAyrthonAPI.Tests.Services.ProductServiceTests" name="UpdateAsync_ReturnsNull_WhenProductDoesNotExist" />
    </UnitTest>
    <UnitTest name="LubricantesAyrthonAPI.Tests.Services.SaleServiceTests.GetByIdAsync_ShouldReturnNull_WhenSaleDoesNotExist" storage="c:\diplomado\proyecto\lubricantesayrthon\lubricantesayrthonapi.tests\bin\debug\net9.0\lubricantesayrthonapi.tests.dll" id="8ef7d033-dbd5-b4d5-3cef-c11833e9ad4a">
      <Execution id="0696a5ae-27d2-4bb5-9255-dbcdcf7b1599" />
      <TestMethod codeBase="C:\Diplomado\Proyecto\LubricantesAyrthon\LubricantesAyrthonAPI.Tests\bin\Debug\net9.0\LubricantesAyrthonAPI.Tests.dll" adapterTypeName="executor://xunit/VsTestRunner2/netcoreapp" className="LubricantesAyrthonAPI.Tests.Services.SaleServiceTests" name="GetByIdAsync_ShouldReturnNull_WhenSaleDoesNotExist" />
    </UnitTest>
    <UnitTest name="LubricantesAyrthonAPI.Tests.Services.ProductServiceTests.CreateProduct_RepositoryReturnsNull_ReturnsNull" storage="c:\diplomado\proyecto\lubricantesayrthon\lubricantesayrthonapi.tests\bin\debug\net9.0\lubricantesayrthonapi.tests.dll" id="9c1ad53b-4548-0944-cedd-6a45ec03baca">
      <Execution id="702994cd-7269-4dc2-aea4-908550e8518b" />
      <TestMethod codeBase="C:\Diplomado\Proyecto\LubricantesAyrthon\LubricantesAyrthonAPI.Tests\bin\Debug\net9.0\LubricantesAyrthonAPI.Tests.dll" adapterTypeName="executor://xunit/VsTestRunner2/netcoreapp" className="LubricantesAyrthonAPI.Tests.Services.ProductServiceTests" name="CreateProduct_RepositoryReturnsNull_ReturnsNull" />
    </UnitTest>
    <UnitTest name="LubricantesAyrthonAPI.Tests.TestDoubles.Stubs.SellerServiceTests.GetByIdAsync_IdExistente_RetornaVendedor" storage="c:\diplomado\proyecto\lubricantesayrthon\lubricantesayrthonapi.tests\bin\debug\net9.0\lubricantesayrthonapi.tests.dll" id="7d38e140-40f0-0fda-a53d-90c6d6f2b09d">
      <Execution id="47314648-0ab0-4784-8c78-75bfec5ba5e1" />
      <TestMethod codeBase="C:\Diplomado\Proyecto\LubricantesAyrthon\LubricantesAyrthonAPI.Tests\bin\Debug\net9.0\LubricantesAyrthonAPI.Tests.dll" adapterTypeName="executor://xunit/VsTestRunner2/netcoreapp" className="LubricantesAyrthonAPI.Tests.TestDoubles.Stubs.SellerServiceTests" name="GetByIdAsync_IdExistente_RetornaVendedor" />
    </UnitTest>
    <UnitTest name="LubricantesAyrthonAPI.Tests.Services.CustomerServiceTests.GetCustomerById_ExistingId_ReturnsCustomer" storage="c:\diplomado\proyecto\lubricantesayrthon\lubricantesayrthonapi.tests\bin\debug\net9.0\lubricantesayrthonapi.tests.dll" id="4276465b-5528-cbb5-2948-a45a42ff97f4">
      <Execution id="68971f7d-62ab-4521-92f4-c247f09e65ae" />
      <TestMethod codeBase="C:\Diplomado\Proyecto\LubricantesAyrthon\LubricantesAyrthonAPI.Tests\bin\Debug\net9.0\LubricantesAyrthonAPI.Tests.dll" adapterTypeName="executor://xunit/VsTestRunner2/netcoreapp" className="LubricantesAyrthonAPI.Tests.Services.CustomerServiceTests" name="GetCustomerById_ExistingId_ReturnsCustomer" />
    </UnitTest>
    <UnitTest name="LubricantesAyrthonAPI.Tests.TestDoubles.Stubs.SellerServiceTests.CreateSeller_WithValidData_Success" storage="c:\diplomado\proyecto\lubricantesayrthon\lubricantesayrthonapi.tests\bin\debug\net9.0\lubricantesayrthonapi.tests.dll" id="dc732ecc-fe25-a6c1-8a63-fc5bb6338585">
      <Execution id="9e469f2f-2cc0-485b-95af-a545478252ac" />
      <TestMethod codeBase="C:\Diplomado\Proyecto\LubricantesAyrthon\LubricantesAyrthonAPI.Tests\bin\Debug\net9.0\LubricantesAyrthonAPI.Tests.dll" adapterTypeName="executor://xunit/VsTestRunner2/netcoreapp" className="LubricantesAyrthonAPI.Tests.TestDoubles.Stubs.SellerServiceTests" name="CreateSeller_WithValidData_Success" />
    </UnitTest>
    <UnitTest name="LubricantesAyrthonAPI.Tests.TestDoubles.Stubs.SellerServiceTests.UpdateAsync_NonExistentSeller_ReturnsNull" storage="c:\diplomado\proyecto\lubricantesayrthon\lubricantesayrthonapi.tests\bin\debug\net9.0\lubricantesayrthonapi.tests.dll" id="69ba525b-ac63-3868-650f-21c1015163dd">
      <Execution id="18125461-ff2f-46c7-b634-c9a17c573615" />
      <TestMethod codeBase="C:\Diplomado\Proyecto\LubricantesAyrthon\LubricantesAyrthonAPI.Tests\bin\Debug\net9.0\LubricantesAyrthonAPI.Tests.dll" adapterTypeName="executor://xunit/VsTestRunner2/netcoreapp" className="LubricantesAyrthonAPI.Tests.TestDoubles.Stubs.SellerServiceTests" name="UpdateAsync_NonExistentSeller_ReturnsNull" />
    </UnitTest>
    <UnitTest name="LubricantesAyrthonAPI.Tests.Services.SaleServiceTests.UpdateAsync_ShouldReturnNull_WhenSaleDoesNotExist" storage="c:\diplomado\proyecto\lubricantesayrthon\lubricantesayrthonapi.tests\bin\debug\net9.0\lubricantesayrthonapi.tests.dll" id="530f1a35-9560-a07f-ca75-b79058b3a9e7">
      <Execution id="8abac8e6-ccee-4e6b-bb2e-f8cff993c360" />
      <TestMethod codeBase="C:\Diplomado\Proyecto\LubricantesAyrthon\LubricantesAyrthonAPI.Tests\bin\Debug\net9.0\LubricantesAyrthonAPI.Tests.dll" adapterTypeName="executor://xunit/VsTestRunner2/netcoreapp" className="LubricantesAyrthonAPI.Tests.Services.SaleServiceTests" name="UpdateAsync_ShouldReturnNull_WhenSaleDoesNotExist" />
    </UnitTest>
    <UnitTest name="LubricantesAyrthonAPI.Tests.Services.ProductServiceTests.UpdateAsync_RepositoryUpdateFails_ReturnsNull" storage="c:\diplomado\proyecto\lubricantesayrthon\lubricantesayrthonapi.tests\bin\debug\net9.0\lubricantesayrthonapi.tests.dll" id="18d55317-0eac-89ec-aded-5430904c43fb">
      <Execution id="7709e7eb-fca4-480e-aba5-851e081f4163" />
      <TestMethod codeBase="C:\Diplomado\Proyecto\LubricantesAyrthon\LubricantesAyrthonAPI.Tests\bin\Debug\net9.0\LubricantesAyrthonAPI.Tests.dll" adapterTypeName="executor://xunit/VsTestRunner2/netcoreapp" className="LubricantesAyrthonAPI.Tests.Services.ProductServiceTests" name="UpdateAsync_RepositoryUpdateFails_ReturnsNull" />
    </UnitTest>
    <UnitTest name="LubricantesAyrthonAPI.Tests.Services.CustomerServiceTests.UpdateAsync_ErrorEnRepositorio_RetornaNull" storage="c:\diplomado\proyecto\lubricantesayrthon\lubricantesayrthonapi.tests\bin\debug\net9.0\lubricantesayrthonapi.tests.dll" id="e7b0dd83-801f-43dc-fbb5-dab43da48ab8">
      <Execution id="d9a9e17f-e4ba-4c75-b7d6-73e3e6fe2c8d" />
      <TestMethod codeBase="C:\Diplomado\Proyecto\LubricantesAyrthon\LubricantesAyrthonAPI.Tests\bin\Debug\net9.0\LubricantesAyrthonAPI.Tests.dll" adapterTypeName="executor://xunit/VsTestRunner2/netcoreapp" className="LubricantesAyrthonAPI.Tests.Services.CustomerServiceTests" name="UpdateAsync_ErrorEnRepositorio_RetornaNull" />
    </UnitTest>
    <UnitTest name="LubricantesAyrthonAPI.Tests.Services.CustomerServiceTests.DeleteAsync_ClienteExistente_RetornaTrue" storage="c:\diplomado\proyecto\lubricantesayrthon\lubricantesayrthonapi.tests\bin\debug\net9.0\lubricantesayrthonapi.tests.dll" id="a0f771d4-8751-171b-08de-6e2dacc35e3d">
      <Execution id="4ee1112d-760c-48a1-9263-65da69418881" />
      <TestMethod codeBase="C:\Diplomado\Proyecto\LubricantesAyrthon\LubricantesAyrthonAPI.Tests\bin\Debug\net9.0\LubricantesAyrthonAPI.Tests.dll" adapterTypeName="executor://xunit/VsTestRunner2/netcoreapp" className="LubricantesAyrthonAPI.Tests.Services.CustomerServiceTests" name="DeleteAsync_ClienteExistente_RetornaTrue" />
    </UnitTest>
    <UnitTest name="LubricantesAyrthonAPI.Tests.Services.ProductServiceTests.DeleteProduct_NonExistent_ReturnsFalse" storage="c:\diplomado\proyecto\lubricantesayrthon\lubricantesayrthonapi.tests\bin\debug\net9.0\lubricantesayrthonapi.tests.dll" id="56668994-d3d0-80da-649b-c2391c2156f7">
      <Execution id="e61cba0f-f75c-4c39-9b20-e69d01c6c2fa" />
      <TestMethod codeBase="C:\Diplomado\Proyecto\LubricantesAyrthon\LubricantesAyrthonAPI.Tests\bin\Debug\net9.0\LubricantesAyrthonAPI.Tests.dll" adapterTypeName="executor://xunit/VsTestRunner2/netcoreapp" className="LubricantesAyrthonAPI.Tests.Services.ProductServiceTests" name="DeleteProduct_NonExistent_ReturnsFalse" />
    </UnitTest>
  </TestDefinitions>
  <TestEntries>
    <TestEntry testId="8bddd13d-6892-ae1d-d88e-996aa2e1a635" executionId="ee87f22e-a8fb-4aab-bd07-793737adb64d" testListId="8c84fa94-04c1-424b-9868-57a2d4851a1d" />
    <TestEntry testId="b29edcb2-9e8b-ee92-8f06-6dd9a9626ef1" executionId="755c15ab-c614-4764-9beb-56d8002e291a" testListId="8c84fa94-04c1-424b-9868-57a2d4851a1d" />
    <TestEntry testId="cac0dbac-f636-65cc-b328-12118a13f6c7" executionId="8f196698-2320-431f-a2a2-71492cc57861" testListId="8c84fa94-04c1-424b-9868-57a2d4851a1d" />
    <TestEntry testId="87c1f46c-e75a-5723-a7d8-bfa8909d4f3d" executionId="3f45b583-8f0c-43ca-9a5f-3f725a61efb0" testListId="8c84fa94-04c1-424b-9868-57a2d4851a1d" />
    <TestEntry testId="4276465b-5528-cbb5-2948-a45a42ff97f4" executionId="68971f7d-62ab-4521-92f4-c247f09e65ae" testListId="8c84fa94-04c1-424b-9868-57a2d4851a1d" />
    <TestEntry testId="dc732ecc-fe25-a6c1-8a63-fc5bb6338585" executionId="9e469f2f-2cc0-485b-95af-a545478252ac" testListId="8c84fa94-04c1-424b-9868-57a2d4851a1d" />
    <TestEntry testId="b924ceb9-97a2-37f1-8060-bcd7105c8b08" executionId="dbe0b3fb-26b6-4131-8bbf-c9679d6fca48" testListId="8c84fa94-04c1-424b-9868-57a2d4851a1d" />
    <TestEntry testId="8eb27e5f-8ecd-332f-dbbc-c4a0e3fb4847" executionId="f4925dc3-2285-4da0-96aa-4acad4d288df" testListId="8c84fa94-04c1-424b-9868-57a2d4851a1d" />
    <TestEntry testId="07c0a179-a654-60e6-dd13-bb7a227ec791" executionId="89303a48-3002-4322-9713-3477c4091cbc" testListId="8c84fa94-04c1-424b-9868-57a2d4851a1d" />
    <TestEntry testId="bf82794c-b48c-3b1e-0a9d-524a4671a485" executionId="6176c9b8-830c-485b-b4d5-9e62f546ac38" testListId="8c84fa94-04c1-424b-9868-57a2d4851a1d" />
    <TestEntry testId="8d939349-da7e-e3a2-3b6e-f73ef21deaa1" executionId="95c2a13a-5e38-49c5-8952-e511bbfcc8c3" testListId="8c84fa94-04c1-424b-9868-57a2d4851a1d" />
    <TestEntry testId="6dc62724-55df-c7e7-e975-b0770989c778" executionId="f1d90a8d-5771-4696-837e-422190c7c025" testListId="8c84fa94-04c1-424b-9868-57a2d4851a1d" />
    <TestEntry testId="8f5c3b0c-555d-d612-f238-df81fc1d5dbf" executionId="5cad6703-3344-4d66-a4cc-70b3e4a44ab7" testListId="8c84fa94-04c1-424b-9868-57a2d4851a1d" />
    <TestEntry testId="6353f96c-29cc-52a7-ca5c-04c4233f561a" executionId="e44f02dd-1a16-4707-9c06-dac2e67b78b7" testListId="8c84fa94-04c1-424b-9868-57a2d4851a1d" />
    <TestEntry testId="d6e2084f-ec1a-94cb-51ef-8758ea1ad2a8" executionId="490980ee-5a56-4c6e-ae25-32bba6a327ec" testListId="8c84fa94-04c1-424b-9868-57a2d4851a1d" />
    <TestEntry testId="a0f771d4-8751-171b-08de-6e2dacc35e3d" executionId="4ee1112d-760c-48a1-9263-65da69418881" testListId="8c84fa94-04c1-424b-9868-57a2d4851a1d" />
    <TestEntry testId="ed1ddd1c-2de2-6e87-ef68-eb1c18dfee89" executionId="fc3d453e-3290-42d7-b4d8-1935a61f7098" testListId="8c84fa94-04c1-424b-9868-57a2d4851a1d" />
    <TestEntry testId="cbd6210a-be76-3f31-fa99-1048c6b2dad8" executionId="5055ff70-d336-44df-bdcf-798599627749" testListId="8c84fa94-04c1-424b-9868-57a2d4851a1d" />
    <TestEntry testId="69ba525b-ac63-3868-650f-21c1015163dd" executionId="18125461-ff2f-46c7-b634-c9a17c573615" testListId="8c84fa94-04c1-424b-9868-57a2d4851a1d" />
    <TestEntry testId="dbf088c6-ed36-3a20-32d6-d66a4e3ded33" executionId="71f91c79-2fb1-441b-ab3b-756b9b1344be" testListId="8c84fa94-04c1-424b-9868-57a2d4851a1d" />
    <TestEntry testId="9c1ad53b-4548-0944-cedd-6a45ec03baca" executionId="702994cd-7269-4dc2-aea4-908550e8518b" testListId="8c84fa94-04c1-424b-9868-57a2d4851a1d" />
    <TestEntry testId="2a3d838b-ac70-5a61-d621-af84809b73c7" executionId="c4c0bf83-5868-4eed-8d4c-423f6aeb45b7" testListId="8c84fa94-04c1-424b-9868-57a2d4851a1d" />
    <TestEntry testId="489487c8-7ed8-047d-5694-76893e84bbf9" executionId="c83916d4-0afd-48cb-b306-d97ab3705327" testListId="8c84fa94-04c1-424b-9868-57a2d4851a1d" />
    <TestEntry testId="8ef7d033-dbd5-b4d5-3cef-c11833e9ad4a" executionId="0696a5ae-27d2-4bb5-9255-dbcdcf7b1599" testListId="8c84fa94-04c1-424b-9868-57a2d4851a1d" />
    <TestEntry testId="4cd537ee-e372-508f-aec1-f8b78d2430e6" executionId="3dbc3889-5c5a-456e-9f36-f24e78fe9af8" testListId="8c84fa94-04c1-424b-9868-57a2d4851a1d" />
    <TestEntry testId="66c3bbd0-65a7-78fc-06b0-1f417b9bf440" executionId="37ba0c48-e01e-4e39-bda0-41e3c0bbf286" testListId="8c84fa94-04c1-424b-9868-57a2d4851a1d" />
    <TestEntry testId="e7b0dd83-801f-43dc-fbb5-dab43da48ab8" executionId="d9a9e17f-e4ba-4c75-b7d6-73e3e6fe2c8d" testListId="8c84fa94-04c1-424b-9868-57a2d4851a1d" />
    <TestEntry testId="84570ab4-49a3-050d-d0e9-bbc28f3c2c53" executionId="5b8a2edf-cde6-4823-8212-9d2440bb6cce" testListId="8c84fa94-04c1-424b-9868-57a2d4851a1d" />
    <TestEntry testId="7d38e140-40f0-0fda-a53d-90c6d6f2b09d" executionId="47314648-0ab0-4784-8c78-75bfec5ba5e1" testListId="8c84fa94-04c1-424b-9868-57a2d4851a1d" />
    <TestEntry testId="bbdbcee8-ca55-4901-5447-ef52fe898c9e" executionId="3e76be34-97af-408e-b373-141dde665c0e" testListId="8c84fa94-04c1-424b-9868-57a2d4851a1d" />
    <TestEntry testId="e03e095b-df93-f1a0-e500-014426d85a2f" executionId="e950a079-6ecc-420b-bbac-5fa166e9ed5e" testListId="8c84fa94-04c1-424b-9868-57a2d4851a1d" />
    <TestEntry testId="041c8d8e-e0d9-3769-4389-b68c61dd50ad" executionId="67159d32-9593-4afb-ab60-598f88e4d018" testListId="8c84fa94-04c1-424b-9868-57a2d4851a1d" />
    <TestEntry testId="3eb4eddb-7ae4-2c8f-3401-16d0ae4b5761" executionId="185ae16e-5999-48c2-b60a-9732eece27dc" testListId="8c84fa94-04c1-424b-9868-57a2d4851a1d" />
    <TestEntry testId="3eb7f6c8-8ca6-157a-3d21-ea35a5c4c5be" executionId="7c63a8a2-45b7-44e4-a66d-3564c2a809a9" testListId="8c84fa94-04c1-424b-9868-57a2d4851a1d" />
    <TestEntry testId="e62e53c7-abc0-a699-65a1-698bd4ba2fcf" executionId="e5497968-f593-4e32-b2bb-eb19a830c5f9" testListId="8c84fa94-04c1-424b-9868-57a2d4851a1d" />
    <TestEntry testId="e8a0497d-e599-0eb1-f893-93bdd84e579e" executionId="0d80ffe9-a52f-4156-93d5-721c527ce400" testListId="8c84fa94-04c1-424b-9868-57a2d4851a1d" />
    <TestEntry testId="6d8fb5be-bf67-395a-d9a7-746f341f2f8c" executionId="bb0bf58f-b43c-4b8a-8742-c0f22495f341" testListId="8c84fa94-04c1-424b-9868-57a2d4851a1d" />
    <TestEntry testId="01a652d2-ffbe-1af6-ae27-0c7540a8ddd2" executionId="b7c7b094-4fb9-440e-9008-8de8db15e8db" testListId="8c84fa94-04c1-424b-9868-57a2d4851a1d" />
    <TestEntry testId="56668994-d3d0-80da-649b-c2391c2156f7" executionId="e61cba0f-f75c-4c39-9b20-e69d01c6c2fa" testListId="8c84fa94-04c1-424b-9868-57a2d4851a1d" />
    <TestEntry testId="fd2ca557-3471-2857-3e7f-dffa64a64358" executionId="bfb7f107-070f-42ae-8f00-6f975343e6b7" testListId="8c84fa94-04c1-424b-9868-57a2d4851a1d" />
    <TestEntry testId="e355b55a-a73b-26fd-ca0e-3d9d29fe2f2b" executionId="f76432b3-167d-4a76-b7a8-99f5d3fe28b4" testListId="8c84fa94-04c1-424b-9868-57a2d4851a1d" />
    <TestEntry testId="1158ba92-9c15-62c6-6082-95443ed28549" executionId="395308dd-02fa-4bfe-80f6-255bc8afc274" testListId="8c84fa94-04c1-424b-9868-57a2d4851a1d" />
    <TestEntry testId="6a6149e3-401c-a037-53c9-b7aa3ea7d846" executionId="7c2709e3-3fa6-41be-a401-54f6b4face01" testListId="8c84fa94-04c1-424b-9868-57a2d4851a1d" />
    <TestEntry testId="280cd0cd-c003-e724-4f19-b9cd74e2ba6d" executionId="19b90902-92c7-400a-9815-3172c83df76c" testListId="8c84fa94-04c1-424b-9868-57a2d4851a1d" />
    <TestEntry testId="76b10265-ff67-2438-6360-2da1bc43bb6d" executionId="db8a0a77-b42c-418c-b6a1-54cf1d9ac520" testListId="8c84fa94-04c1-424b-9868-57a2d4851a1d" />
    <TestEntry testId="18d55317-0eac-89ec-aded-5430904c43fb" executionId="7709e7eb-fca4-480e-aba5-851e081f4163" testListId="8c84fa94-04c1-424b-9868-57a2d4851a1d" />
    <TestEntry testId="d4df0902-fdba-b4d0-49bb-ecc692b7f4f0" executionId="0b68c33c-1606-4247-9fdd-911bf159f1f5" testListId="8c84fa94-04c1-424b-9868-57a2d4851a1d" />
    <TestEntry testId="530f1a35-9560-a07f-ca75-b79058b3a9e7" executionId="8abac8e6-ccee-4e6b-bb2e-f8cff993c360" testListId="8c84fa94-04c1-424b-9868-57a2d4851a1d" />
  </TestEntries>
  <TestLists>
    <TestList name="Results Not in a List" id="8c84fa94-04c1-424b-9868-57a2d4851a1d" />
    <TestList name="All Loaded Results" id="19431567-8539-422a-85d7-44ee4e166bda" />
  </TestLists>
  <ResultSummary outcome="Failed">
    <Counters total="48" executed="48" passed="46" failed="2" error="0" timeout="0" aborted="0" inconclusive="0" passedButRunAborted="0" notRunnable="0" notExecuted="0" disconnected="0" warning="0" completed="0" inProgress="0" pending="0" />
    <Output>
      <StdOut>[xUnit.net 00:00:00.00] xUnit.net VSTest Adapter v2.8.2+699d445a1a (64-bit .NET 9.0.9)&#xD;
[xUnit.net 00:00:00.35]   Discovering: LubricantesAyrthonAPI.Tests&#xD;
[xUnit.net 00:00:00.39]   Discovered:  LubricantesAyrthonAPI.Tests&#xD;
[xUnit.net 00:00:00.39]   Starting:    LubricantesAyrthonAPI.Tests&#xD;
[xUnit.net 00:00:00.57]       System.NullReferenceException : Object reference not set to an instance of an object.&#xD;
[xUnit.net 00:00:00.57]       Stack Trace:&#xD;
[xUnit.net 00:00:00.57]         C:\Diplomado\Proyecto\LubricantesAyrthon\LubricantesAyrthonAPI\Services\Implementations\Product\ProductService.cs(60,0): at LubricantesAyrthonAPI.Services.Implementations.ProductService.CreateAsync(ProductCreateDto product)&#xD;
[xUnit.net 00:00:00.57]         C:\Diplomado\Proyecto\LubricantesAyrthon\LubricantesAyrthonAPI.Tests\Services\ProductServiceTests.cs(342,0): at LubricantesAyrthonAPI.Tests.Services.ProductServiceTests.CreateProduct_RepositoryReturnsNull_ReturnsNull()&#xD;
[xUnit.net 00:00:00.57]         --- End of stack trace from previous location ---&#xD;
[xUnit.net 00:00:00.58]       System.NullReferenceException : Object reference not set to an instance of an object.&#xD;
[xUnit.net 00:00:00.58]       Stack Trace:&#xD;
[xUnit.net 00:00:00.58]         C:\Diplomado\Proyecto\LubricantesAyrthon\LubricantesAyrthonAPI\Services\Implementations\Product\ProductService.cs(83,0): at LubricantesAyrthonAPI.Services.Implementations.ProductService.UpdateAsync(Int32 id, ProductUpdateDto product)&#xD;
[xUnit.net 00:00:00.58]         C:\Diplomado\Proyecto\LubricantesAyrthon\LubricantesAyrthonAPI.Tests\Services\ProductServiceTests.cs(256,0): at LubricantesAyrthonAPI.Tests.Services.ProductServiceTests.UpdateAsync_RepositoryUpdateFails_ReturnsNull()&#xD;
[xUnit.net 00:00:00.58]         --- End of stack trace from previous location ---&#xD;
[xUnit.net 00:00:00.58]   Finished:    LubricantesAyrthonAPI.Tests&#xD;
</StdOut>
    </Output>
    <RunInfos>
      <RunInfo computerName="LLANOSJL70" outcome="Error" timestamp="2025-09-25T19:52:44.0684188-04:00">
        <Text>[xUnit.net 00:00:00.57]     LubricantesAyrthonAPI.Tests.Services.ProductServiceTests.CreateProduct_RepositoryReturnsNull_ReturnsNull [FAIL]</Text>
      </RunInfo>
      <RunInfo computerName="LLANOSJL70" outcome="Error" timestamp="2025-09-25T19:52:44.0686076-04:00">
        <Text>[xUnit.net 00:00:00.58]     LubricantesAyrthonAPI.Tests.Services.ProductServiceTests.UpdateAsync_RepositoryUpdateFails_ReturnsNull [FAIL]</Text>
      </RunInfo>
    </RunInfos>
  </ResultSummary>
</TestRun>